SF:C:\Users\minhk\Downloads\HealthSyncWebAPI\HealthSync.Application\Validators\Users\UpdateUserProfileValidator.cs
FN:7,System.Void HealthSync.Application.Validators.Users.UpdateUserProfileValidator::.ctor()
FNDA:0,System.Void HealthSync.Application.Validators.Users.UpdateUserProfileValidator::.ctor()
DA:8,0
DA:9,0
DA:10,0
DA:11,0
DA:12,0
DA:14,0
DA:15,0
DA:16,0
DA:18,0
DA:19,0
DA:20,0
DA:22,0
DA:23,0
DA:24,0
DA:25,0
DA:27,0
DA:28,0
DA:29,0
DA:30,0
DA:31,0
BRDA:15,8,0,0
BRDA:15,21,0,0
BRDA:15,34,0,0
BRDA:15,21,1,0
BRDA:15,34,1,0
BRDA:15,47,1,0
BRDA:15,47,0,0
BRDA:15,8,1,0
BRDA:19,7,0,0
BRDA:19,34,0,0
BRDA:19,34,1,0
BRDA:19,7,1,0
BRDA:24,7,0,0
BRDA:24,16,0,0
BRDA:24,39,0,0
BRDA:24,16,1,0
BRDA:24,39,1,0
BRDA:24,7,1,0
BRDA:29,7,0,0
BRDA:29,16,0,0
BRDA:29,39,0,0
BRDA:29,16,1,0
BRDA:29,39,1,0
BRDA:29,7,1,0
LF:20
LH:0
BRF:24
BRH:0
FNF:1
FNH:0
end_of_record
SF:C:\Users\minhk\Downloads\HealthSyncWebAPI\HealthSync.Application\Validators\Goals\CreateGoalValidator.cs
FN:53,System.Boolean HealthSync.Application.Validators.Goals.CreateGoalValidator::HaveReasonableDuration(HealthSync.Application.DTOs.Goals.CreateGoalRequest)
FNDA:1,System.Boolean HealthSync.Application.Validators.Goals.CreateGoalValidator::HaveReasonableDuration(HealthSync.Application.DTOs.Goals.CreateGoalRequest)
DA:54,1
DA:55,1
DA:56,1
DA:57,1
BRDA:56,35,0,1
BRDA:56,35,1,0
FN:38,System.Void HealthSync.Application.Validators.Goals.CreateGoalValidator::<.ctor>b__0_8()
FNDA:1,System.Void HealthSync.Application.Validators.Goals.CreateGoalValidator::<.ctor>b__0_8()
DA:39,1
DA:40,1
DA:41,0
DA:42,1
DA:43,2
FN:45,System.Void HealthSync.Application.Validators.Goals.CreateGoalValidator::<.ctor>b__0_10()
FNDA:1,System.Void HealthSync.Application.Validators.Goals.CreateGoalValidator::<.ctor>b__0_10()
DA:46,1
DA:47,1
DA:48,1
DA:49,1
DA:50,2
FN:8,System.Void HealthSync.Application.Validators.Goals.CreateGoalValidator::.ctor()
FNDA:1,System.Void HealthSync.Application.Validators.Goals.CreateGoalValidator::.ctor()
DA:9,1
DA:10,1
DA:11,1
DA:12,1
DA:13,1
DA:15,1
DA:16,1
DA:17,1
DA:19,1
DA:20,1
DA:21,1
DA:22,1
DA:24,1
DA:25,1
DA:26,1
DA:27,1
DA:29,1
DA:30,1
DA:31,1
DA:32,1
DA:34,1
DA:35,1
DA:36,1
DA:38,2
DA:45,2
DA:51,1
BRDA:45,6,0,0
BRDA:45,15,0,0
BRDA:45,6,1,1
BRDA:45,15,1,1
LF:40
LH:39
BRF:6
BRH:3
FNF:4
FNH:4
end_of_record
SF:C:\Users\minhk\Downloads\HealthSyncWebAPI\HealthSync.Application\Validators\Goals\RecordProgressValidator.cs
FN:23,System.Void HealthSync.Application.Validators.Goals.RecordProgressValidator::<.ctor>b__0_4()
FNDA:1,System.Void HealthSync.Application.Validators.Goals.RecordProgressValidator::<.ctor>b__0_4()
DA:24,1
DA:25,1
DA:26,1
DA:27,1
DA:28,2
FN:30,System.Void HealthSync.Application.Validators.Goals.RecordProgressValidator::<.ctor>b__0_6()
FNDA:1,System.Void HealthSync.Application.Validators.Goals.RecordProgressValidator::<.ctor>b__0_6()
DA:31,1
DA:32,1
DA:33,1
DA:34,1
DA:35,2
FN:37,System.Void HealthSync.Application.Validators.Goals.RecordProgressValidator::<.ctor>b__0_8()
FNDA:1,System.Void HealthSync.Application.Validators.Goals.RecordProgressValidator::<.ctor>b__0_8()
DA:38,1
DA:39,1
DA:40,1
DA:41,1
DA:42,2
FN:44,System.Void HealthSync.Application.Validators.Goals.RecordProgressValidator::<.ctor>b__0_10()
FNDA:1,System.Void HealthSync.Application.Validators.Goals.RecordProgressValidator::<.ctor>b__0_10()
DA:45,1
DA:46,1
DA:47,1
DA:48,1
DA:49,2
FN:7,System.Void HealthSync.Application.Validators.Goals.RecordProgressValidator::.ctor()
FNDA:1,System.Void HealthSync.Application.Validators.Goals.RecordProgressValidator::.ctor()
DA:8,1
DA:9,1
DA:10,1
DA:11,1
DA:12,1
DA:14,1
DA:15,1
DA:16,1
DA:17,1
DA:19,1
DA:20,1
DA:21,1
DA:23,2
DA:30,2
DA:37,2
DA:44,2
DA:51,1
DA:52,1
DA:53,1
DA:54,1
DA:55,1
LF:41
LH:41
BRF:0
BRH:0
FNF:5
FNH:5
end_of_record
SF:C:\Users\minhk\Downloads\HealthSyncWebAPI\HealthSync.Application\Validators\Goals\UpdateGoalValidator.cs
FN:7,System.Void HealthSync.Application.Validators.Goals.UpdateGoalValidator::.ctor()
FNDA:0,System.Void HealthSync.Application.Validators.Goals.UpdateGoalValidator::.ctor()
DA:8,0
DA:9,0
DA:10,0
DA:11,0
DA:12,0
DA:14,0
DA:15,0
DA:16,0
DA:18,0
DA:19,0
DA:20,0
DA:21,0
DA:23,0
DA:24,0
DA:25,0
DA:27,0
DA:28,0
DA:29,0
DA:30,0
DA:31,0
BRDA:20,11,0,0
BRDA:20,24,0,0
BRDA:20,11,1,0
BRDA:20,24,1,0
LF:20
LH:0
BRF:4
BRH:0
FNF:1
FNH:0
end_of_record
SF:C:\Users\minhk\Downloads\HealthSyncWebAPI\HealthSync.Application\Validators\Goals\UpdateProgressValidator.cs
FN:15,System.Void HealthSync.Application.Validators.Goals.UpdateProgressValidator::<.ctor>b__0_3()
FNDA:0,System.Void HealthSync.Application.Validators.Goals.UpdateProgressValidator::<.ctor>b__0_3()
DA:16,0
DA:17,0
DA:18,0
DA:19,0
DA:20,0
FN:22,System.Void HealthSync.Application.Validators.Goals.UpdateProgressValidator::<.ctor>b__0_5()
FNDA:0,System.Void HealthSync.Application.Validators.Goals.UpdateProgressValidator::<.ctor>b__0_5()
DA:23,0
DA:24,0
DA:25,0
DA:26,0
DA:27,0
FN:29,System.Void HealthSync.Application.Validators.Goals.UpdateProgressValidator::<.ctor>b__0_7()
FNDA:0,System.Void HealthSync.Application.Validators.Goals.UpdateProgressValidator::<.ctor>b__0_7()
DA:30,0
DA:31,0
DA:32,0
DA:33,0
DA:34,0
FN:36,System.Void HealthSync.Application.Validators.Goals.UpdateProgressValidator::<.ctor>b__0_9()
FNDA:0,System.Void HealthSync.Application.Validators.Goals.UpdateProgressValidator::<.ctor>b__0_9()
DA:37,0
DA:38,0
DA:39,0
DA:40,0
DA:41,0
FN:7,System.Void HealthSync.Application.Validators.Goals.UpdateProgressValidator::.ctor()
FNDA:0,System.Void HealthSync.Application.Validators.Goals.UpdateProgressValidator::.ctor()
DA:8,0
DA:9,0
DA:10,0
DA:11,0
DA:12,0
DA:13,0
DA:15,0
DA:22,0
DA:29,0
DA:36,0
DA:43,0
DA:44,0
DA:45,0
DA:46,0
DA:47,0
LF:35
LH:0
BRF:0
BRH:0
FNF:5
FNH:0
end_of_record
SF:C:\Users\minhk\Downloads\HealthSyncWebAPI\HealthSync.Application\Validators\ForumCategories\CreateForumCategoryRequestValidator.cs
FN:7,System.Void HealthSync.Application.Validators.ForumCategories.CreateForumCategoryRequestValidator::.ctor()
FNDA:0,System.Void HealthSync.Application.Validators.ForumCategories.CreateForumCategoryRequestValidator::.ctor()
DA:8,0
DA:9,0
DA:10,0
DA:11,0
DA:12,0
DA:14,0
DA:15,0
DA:17,0
DA:18,0
DA:19,0
LF:10
LH:0
BRF:0
BRH:0
FNF:1
FNH:0
end_of_record
SF:C:\Users\minhk\Downloads\HealthSyncWebAPI\HealthSync.Application\Validators\ForumCategories\UpdateForumCategoryRequestValidator.cs
FN:7,System.Void HealthSync.Application.Validators.ForumCategories.UpdateForumCategoryRequestValidator::.ctor()
FNDA:0,System.Void HealthSync.Application.Validators.ForumCategories.UpdateForumCategoryRequestValidator::.ctor()
DA:8,0
DA:9,0
DA:10,0
DA:11,0
DA:12,0
DA:14,0
DA:15,0
DA:17,0
DA:18,0
DA:19,0
LF:10
LH:0
BRF:0
BRH:0
FNF:1
FNH:0
end_of_record
SF:C:\Users\minhk\Downloads\HealthSyncWebAPI\HealthSync.Application\Validators\FoodItems\CreateFoodItemRequestValidator.cs
FN:7,System.Void HealthSync.Application.Validators.FoodItems.CreateFoodItemRequestValidator::.ctor()
FNDA:0,System.Void HealthSync.Application.Validators.FoodItems.CreateFoodItemRequestValidator::.ctor()
DA:8,0
DA:9,0
DA:10,0
DA:11,0
DA:12,0
DA:14,0
DA:15,0
DA:17,0
DA:18,0
DA:19,0
DA:21,0
DA:22,0
DA:23,0
DA:25,0
DA:26,0
DA:28,0
DA:29,0
DA:31,0
DA:32,0
DA:34,0
DA:35,0
DA:37,0
DA:38,0
DA:40,0
DA:41,0
DA:43,0
DA:44,0
DA:45,0
DA:47,0
DA:48,0
DA:49,0
DA:50,0
LF:32
LH:0
BRF:0
BRH:0
FNF:1
FNH:0
end_of_record
SF:C:\Users\minhk\Downloads\HealthSyncWebAPI\HealthSync.Application\Validators\FoodItems\UpdateFoodItemRequestValidator.cs
FN:7,System.Void HealthSync.Application.Validators.FoodItems.UpdateFoodItemRequestValidator::.ctor()
FNDA:0,System.Void HealthSync.Application.Validators.FoodItems.UpdateFoodItemRequestValidator::.ctor()
DA:8,0
DA:9,0
DA:10,0
DA:11,0
DA:12,0
DA:14,0
DA:15,0
DA:17,0
DA:18,0
DA:19,0
DA:21,0
DA:22,0
DA:23,0
DA:25,0
DA:26,0
DA:28,0
DA:29,0
DA:31,0
DA:32,0
DA:34,0
DA:35,0
DA:37,0
DA:38,0
DA:40,0
DA:41,0
DA:43,0
DA:44,0
DA:45,0
DA:47,0
DA:48,0
DA:49,0
DA:50,0
LF:32
LH:0
BRF:0
BRH:0
FNF:1
FNH:0
end_of_record
SF:C:\Users\minhk\Downloads\HealthSyncWebAPI\HealthSync.Application\Validators\Exercises\CreateExerciseRequestValidator.cs
FN:46,System.Boolean HealthSync.Application.Validators.Exercises.CreateExerciseRequestValidator::BeValidMuscleGroup(System.String)
FNDA:0,System.Boolean HealthSync.Application.Validators.Exercises.CreateExerciseRequestValidator::BeValidMuscleGroup(System.String)
DA:47,0
DA:48,0
DA:49,0
FN:51,System.Boolean HealthSync.Application.Validators.Exercises.CreateExerciseRequestValidator::BeValidDifficulty(System.String)
FNDA:0,System.Boolean HealthSync.Application.Validators.Exercises.CreateExerciseRequestValidator::BeValidDifficulty(System.String)
DA:52,0
DA:53,0
DA:54,0
FN:56,System.Boolean HealthSync.Application.Validators.Exercises.CreateExerciseRequestValidator::BeValidEquipment(System.String)
FNDA:0,System.Boolean HealthSync.Application.Validators.Exercises.CreateExerciseRequestValidator::BeValidEquipment(System.String)
DA:57,0
DA:58,0
DA:59,0
FN:61,System.Boolean HealthSync.Application.Validators.Exercises.CreateExerciseRequestValidator::BeValidUrl(System.String)
FNDA:0,System.Boolean HealthSync.Application.Validators.Exercises.CreateExerciseRequestValidator::BeValidUrl(System.String)
DA:62,0
DA:63,0
DA:64,0
FN:8,System.Void HealthSync.Application.Validators.Exercises.CreateExerciseRequestValidator::.ctor()
FNDA:0,System.Void HealthSync.Application.Validators.Exercises.CreateExerciseRequestValidator::.ctor()
DA:9,0
DA:10,0
DA:11,0
DA:12,0
DA:13,0
DA:15,0
DA:16,0
DA:17,0
DA:19,0
DA:20,0
DA:21,0
DA:23,0
DA:24,0
DA:25,0
DA:27,0
DA:28,0
DA:30,0
DA:31,0
DA:33,0
DA:34,0
DA:35,0
DA:37,0
DA:38,0
DA:39,0
DA:41,0
DA:42,0
DA:43,0
DA:44,0
LF:40
LH:0
BRF:0
BRH:0
FNF:5
FNH:0
end_of_record
SF:C:\Users\minhk\Downloads\HealthSyncWebAPI\HealthSync.Application\Validators\Exercises\UpdateExerciseRequestValidator.cs
FN:48,System.Boolean HealthSync.Application.Validators.Exercises.UpdateExerciseRequestValidator::BeValidMuscleGroup(System.String)
FNDA:0,System.Boolean HealthSync.Application.Validators.Exercises.UpdateExerciseRequestValidator::BeValidMuscleGroup(System.String)
DA:49,0
DA:50,0
DA:51,0
FN:53,System.Boolean HealthSync.Application.Validators.Exercises.UpdateExerciseRequestValidator::BeValidDifficulty(System.String)
FNDA:0,System.Boolean HealthSync.Application.Validators.Exercises.UpdateExerciseRequestValidator::BeValidDifficulty(System.String)
DA:54,0
DA:55,0
DA:56,0
FN:58,System.Boolean HealthSync.Application.Validators.Exercises.UpdateExerciseRequestValidator::BeValidEquipment(System.String)
FNDA:0,System.Boolean HealthSync.Application.Validators.Exercises.UpdateExerciseRequestValidator::BeValidEquipment(System.String)
DA:59,0
DA:60,0
DA:61,0
FN:63,System.Boolean HealthSync.Application.Validators.Exercises.UpdateExerciseRequestValidator::BeValidUrl(System.String)
FNDA:0,System.Boolean HealthSync.Application.Validators.Exercises.UpdateExerciseRequestValidator::BeValidUrl(System.String)
DA:64,0
DA:65,0
DA:66,0
FN:8,System.Void HealthSync.Application.Validators.Exercises.UpdateExerciseRequestValidator::.ctor()
FNDA:0,System.Void HealthSync.Application.Validators.Exercises.UpdateExerciseRequestValidator::.ctor()
DA:9,0
DA:10,0
DA:11,0
DA:12,0
DA:13,0
DA:15,0
DA:16,0
DA:17,0
DA:19,0
DA:20,0
DA:21,0
DA:23,0
DA:24,0
DA:25,0
DA:27,0
DA:28,0
DA:29,0
DA:31,0
DA:32,0
DA:33,0
DA:35,0
DA:36,0
DA:37,0
DA:39,0
DA:40,0
DA:41,0
DA:43,0
DA:44,0
DA:45,0
DA:46,0
LF:42
LH:0
BRF:0
BRH:0
FNF:5
FNH:0
end_of_record
SF:C:\Users\minhk\Downloads\HealthSyncWebAPI\HealthSync.Application\Services\ChallengeAdminService.cs
FN:259,HealthSync.Application.DTOs.Challenges.ChallengeDto HealthSync.Application.Services.ChallengeAdminService::MapToDto(HealthSync.Domain.Entities.Challenge,System.Int32)
FNDA:0,HealthSync.Application.DTOs.Challenges.ChallengeDto HealthSync.Application.Services.ChallengeAdminService::MapToDto(HealthSync.Domain.Entities.Challenge,System.Int32)
DA:260,0
DA:261,0
DA:262,0
DA:263,0
DA:264,0
DA:265,0
DA:266,0
DA:267,0
DA:268,0
DA:269,0
DA:270,0
DA:271,0
DA:272,0
DA:273,0
DA:274,0
DA:275,0
DA:276,0
DA:277,0
DA:278,0
DA:279,0
FN:281,HealthSync.Application.DTOs.Challenges.ParticipationDto HealthSync.Application.Services.ChallengeAdminService::MapParticipationToDto(HealthSync.Domain.Entities.ChallengeParticipation)
FNDA:0,HealthSync.Application.DTOs.Challenges.ParticipationDto HealthSync.Application.Services.ChallengeAdminService::MapParticipationToDto(HealthSync.Domain.Entities.ChallengeParticipation)
DA:282,0
DA:283,0
DA:284,0
DA:285,0
DA:286,0
DA:287,0
DA:288,0
DA:289,0
DA:290,0
DA:291,0
DA:292,0
DA:293,0
DA:294,0
DA:295,0
DA:296,0
DA:297,0
DA:298,0
DA:299,0
BRDA:283,53,0,0
BRDA:283,53,1,0
BRDA:283,65,0,0
BRDA:283,65,1,0
FN:13,System.Void HealthSync.Application.Services.ChallengeAdminService::.ctor(HealthSync.Application.Interfaces.IChallengeRepository,HealthSync.Application.Interfaces.IChallengeParticipationRepository,HealthSync.Application.Interfaces.IUserRepository)
FNDA:0,System.Void HealthSync.Application.Services.ChallengeAdminService::.ctor(HealthSync.Application.Interfaces.IChallengeRepository,HealthSync.Application.Interfaces.IChallengeParticipationRepository,HealthSync.Application.Interfaces.IUserRepository)
DA:14,0
DA:15,0
DA:16,0
DA:17,0
DA:18,0
DA:19,0
DA:20,0
DA:21,0
DA:22,0
FN:181,HealthSync.Application.DTOs.Challenges.ParticipationDto HealthSync.Application.Services.ChallengeAdminService/<>c::<GetPendingApprovalsAsync>b__9_0(HealthSync.Domain.Entities.ChallengeParticipation)
FNDA:0,HealthSync.Application.DTOs.Challenges.ParticipationDto HealthSync.Application.Services.ChallengeAdminService/<>c::<GetPendingApprovalsAsync>b__9_0(HealthSync.Domain.Entities.ChallengeParticipation)
DA:182,0
FN:230,HealthSync.Application.DTOs.Challenges.ParticipationDto HealthSync.Application.Services.ChallengeAdminService/<>c::<GetChallengeParticipantsAsync>b__11_0(HealthSync.Domain.Entities.ChallengeParticipation)
FNDA:0,HealthSync.Application.DTOs.Challenges.ParticipationDto HealthSync.Application.Services.ChallengeAdminService/<>c::<GetChallengeParticipantsAsync>b__11_0(HealthSync.Domain.Entities.ChallengeParticipation)
DA:231,0
FN:245,HealthSync.Application.DTOs.Challenges.ParticipationDto HealthSync.Application.Services.ChallengeAdminService/<>c::<GetAllPendingApprovalsAsync>b__12_0(HealthSync.Domain.Entities.ChallengeParticipation)
FNDA:0,HealthSync.Application.DTOs.Challenges.ParticipationDto HealthSync.Application.Services.ChallengeAdminService/<>c::<GetAllPendingApprovalsAsync>b__12_0(HealthSync.Domain.Entities.ChallengeParticipation)
DA:246,0
FN:24,System.Void HealthSync.Application.Services.ChallengeAdminService/<CreateChallengeAsync>d__4::MoveNext()
FNDA:0,System.Void HealthSync.Application.Services.ChallengeAdminService/<CreateChallengeAsync>d__4::MoveNext()
DA:25,0
DA:27,0
DA:29,0
DA:30,0
DA:32,0
DA:33,0
DA:36,0
DA:37,0
DA:38,0
DA:40,0
DA:41,0
DA:42,0
DA:43,0
DA:44,0
DA:45,0
DA:46,0
DA:47,0
DA:48,0
DA:49,0
DA:50,0
DA:51,0
DA:52,0
DA:53,0
DA:54,0
DA:56,0
DA:57,0
DA:59,0
DA:61,0
DA:62,0
DA:63,0
DA:65,0
BRDA:29,82,0,0
BRDA:29,82,1,0
BRDA:32,125,0,0
BRDA:32,125,1,0
BRDA:37,298,0,0
BRDA:37,298,1,0
FN:155,System.Void HealthSync.Application.Services.ChallengeAdminService/<DeleteChallengeAsync>d__8::MoveNext()
FNDA:0,System.Void HealthSync.Application.Services.ChallengeAdminService/<DeleteChallengeAsync>d__8::MoveNext()
DA:156,0
DA:158,0
DA:159,0
DA:160,0
DA:161,0
DA:163,0
DA:164,0
DA:166,0
DA:168,0
DA:169,0
DA:170,0
DA:172,0
BRDA:160,192,0,0
BRDA:160,192,1,0
FN:84,System.Void HealthSync.Application.Services.ChallengeAdminService/<GetAllChallengesAsync>d__6::MoveNext()
FNDA:0,System.Void HealthSync.Application.Services.ChallengeAdminService/<GetAllChallengesAsync>d__6::MoveNext()
DA:85,0
DA:87,0
DA:88,0
DA:90,0
DA:91,0
DA:92,0
DA:93,0
DA:94,0
DA:95,0
DA:97,0
DA:98,0
DA:99,0
DA:100,0
DA:101,0
DA:102,0
DA:103,0
DA:104,0
DA:106,0
DA:108,0
DA:109,0
DA:110,0
DA:112,0
BRDA:91,475,1,0
BRDA:91,475,0,0
FN:240,System.Void HealthSync.Application.Services.ChallengeAdminService/<GetAllPendingApprovalsAsync>d__12::MoveNext()
FNDA:0,System.Void HealthSync.Application.Services.ChallengeAdminService/<GetAllPendingApprovalsAsync>d__12::MoveNext()
DA:241,0
DA:243,0
DA:244,0
DA:248,0
DA:250,0
DA:252,0
DA:253,0
DA:254,0
DA:256,0
FN:67,System.Void HealthSync.Application.Services.ChallengeAdminService/<GetChallengeAsync>d__5::MoveNext()
FNDA:0,System.Void HealthSync.Application.Services.ChallengeAdminService/<GetChallengeAsync>d__5::MoveNext()
DA:68,0
DA:70,0
DA:71,0
DA:72,0
DA:73,0
DA:75,0
DA:76,0
DA:78,0
DA:79,0
DA:80,0
DA:82,0
BRDA:72,185,0,0
BRDA:72,185,1,0
FN:226,System.Void HealthSync.Application.Services.ChallengeAdminService/<GetChallengeParticipantsAsync>d__11::MoveNext()
FNDA:0,System.Void HealthSync.Application.Services.ChallengeAdminService/<GetChallengeParticipantsAsync>d__11::MoveNext()
DA:227,0
DA:229,0
DA:230,0
DA:232,0
DA:234,0
DA:235,0
DA:236,0
DA:238,0
FN:174,System.Void HealthSync.Application.Services.ChallengeAdminService/<GetPendingApprovalsAsync>d__9::MoveNext()
FNDA:0,System.Void HealthSync.Application.Services.ChallengeAdminService/<GetPendingApprovalsAsync>d__9::MoveNext()
DA:175,0
DA:177,0
DA:178,0
DA:179,0
DA:180,0
DA:183,0
DA:185,0
DA:186,0
DA:187,0
DA:189,0
FN:304,System.Void HealthSync.Application.Services.ChallengeAdminService/<RejectParticipationAsync>d__15::MoveNext()
FNDA:0,System.Void HealthSync.Application.Services.ChallengeAdminService/<RejectParticipationAsync>d__15::MoveNext()
DA:305,0
DA:307,0
DA:309,0
DA:310,0
DA:311,0
DA:314,0
DA:315,0
DA:318,0
DA:319,0
DA:320,0
DA:323,0
DA:324,0
DA:325,0
DA:326,0
DA:328,0
DA:329,0
DA:331,0
DA:333,0
DA:334,0
DA:335,0
DA:337,0
BRDA:310,208,0,0
BRDA:310,208,1,0
BRDA:314,249,0,0
BRDA:314,249,1,0
BRDA:319,478,0,0
BRDA:319,478,1,0
FN:194,System.Void HealthSync.Application.Services.ChallengeAdminService/<ReviewParticipationAsync>d__10::MoveNext()
FNDA:0,System.Void HealthSync.Application.Services.ChallengeAdminService/<ReviewParticipationAsync>d__10::MoveNext()
DA:195,0
DA:197,0
DA:198,0
DA:199,0
DA:200,0
DA:202,0
DA:203,0
DA:206,0
DA:207,0
DA:208,0
DA:209,0
DA:211,0
DA:212,0
DA:214,0
DA:215,0
DA:217,0
DA:218,0
DA:220,0
DA:221,0
DA:222,0
DA:224,0
BRDA:199,199,0,0
BRDA:199,199,1,0
BRDA:202,240,0,0
BRDA:202,240,1,0
BRDA:206,277,0,0
BRDA:206,277,1,0
BRDA:211,372,0,0
BRDA:211,372,1,0
BRDA:217,643,0,0
BRDA:217,643,1,0
FN:117,System.Void HealthSync.Application.Services.ChallengeAdminService/<UpdateChallengeAsync>d__7::MoveNext()
FNDA:0,System.Void HealthSync.Application.Services.ChallengeAdminService/<UpdateChallengeAsync>d__7::MoveNext()
DA:118,0
DA:120,0
DA:121,0
DA:122,0
DA:123,0
DA:126,0
DA:127,0
DA:129,0
DA:130,0
DA:132,0
DA:133,0
DA:135,0
DA:136,0
DA:138,0
DA:139,0
DA:141,0
DA:143,0
DA:144,0
DA:146,0
DA:147,0
DA:149,0
DA:150,0
DA:151,0
DA:153,0
BRDA:122,208,0,0
BRDA:122,208,1,0
BRDA:126,251,0,0
BRDA:126,251,1,0
BRDA:129,299,0,0
BRDA:129,299,1,0
BRDA:132,348,0,0
BRDA:132,348,1,0
BRDA:135,406,0,0
BRDA:135,406,1,0
BRDA:138,468,0,0
BRDA:138,468,1,0
LF:219
LH:0
BRF:44
BRH:0
FNF:16
FNH:0
end_of_record
SF:C:\Users\minhk\Downloads\HealthSyncWebAPI\HealthSync.Application\Services\ChallengeParticipationService.cs
FN:12,System.Void HealthSync.Application.Services.ChallengeParticipationService::.ctor(HealthSync.Application.Interfaces.IChallengeParticipationRepository,HealthSync.Application.Interfaces.IChallengeRepository,HealthSync.Application.Interfaces.IStorageService)
FNDA:0,System.Void HealthSync.Application.Services.ChallengeParticipationService::.ctor(HealthSync.Application.Interfaces.IChallengeParticipationRepository,HealthSync.Application.Interfaces.IChallengeRepository,HealthSync.Application.Interfaces.IStorageService)
DA:13,0
DA:14,0
DA:15,0
DA:16,0
DA:17,0
DA:18,0
DA:19,0
DA:20,0
DA:21,0
FN:142,HealthSync.Application.DTOs.Challenges.ParticipationDto HealthSync.Application.Services.ChallengeParticipationService/<>c::<GetUserParticipationsAsync>b__6_0(HealthSync.Domain.Entities.ChallengeParticipation)
FNDA:0,HealthSync.Application.DTOs.Challenges.ParticipationDto HealthSync.Application.Services.ChallengeParticipationService/<>c::<GetUserParticipationsAsync>b__6_0(HealthSync.Domain.Entities.ChallengeParticipation)
DA:143,0
DA:144,0
DA:145,0
DA:146,0
DA:147,0
DA:148,0
DA:149,0
DA:150,0
DA:151,0
DA:152,0
DA:153,0
DA:154,0
DA:155,0
DA:156,0
DA:157,0
DA:158,0
FN:161,System.Void HealthSync.Application.Services.ChallengeParticipationService/<GetParticipationAsync>d__7::MoveNext()
FNDA:0,System.Void HealthSync.Application.Services.ChallengeParticipationService/<GetParticipationAsync>d__7::MoveNext()
DA:162,0
DA:163,0
DA:164,0
DA:165,0
DA:166,0
DA:169,0
DA:170,0
DA:171,0
DA:172,0
DA:173,0
DA:174,0
DA:175,0
DA:176,0
DA:177,0
DA:178,0
DA:179,0
DA:180,0
DA:181,0
DA:182,0
DA:183,0
DA:184,0
DA:185,0
BRDA:164,164,0,0
BRDA:164,164,1,0
FN:139,System.Void HealthSync.Application.Services.ChallengeParticipationService/<GetUserParticipationsAsync>d__6::MoveNext()
FNDA:0,System.Void HealthSync.Application.Services.ChallengeParticipationService/<GetUserParticipationsAsync>d__6::MoveNext()
DA:140,0
DA:141,0
DA:159,0
FN:23,System.Void HealthSync.Application.Services.ChallengeParticipationService/<JoinChallengeAsync>d__4::MoveNext()
FNDA:0,System.Void HealthSync.Application.Services.ChallengeParticipationService/<JoinChallengeAsync>d__4::MoveNext()
DA:24,0
DA:26,0
DA:27,0
DA:28,0
DA:29,0
DA:32,0
DA:33,0
DA:34,0
DA:37,0
DA:38,0
DA:39,0
DA:43,0
DA:44,0
DA:45,0
DA:46,0
DA:50,0
DA:51,0
DA:52,0
DA:53,0
DA:54,0
DA:55,0
DA:57,0
DA:60,0
DA:61,0
DA:62,0
DA:63,0
DA:64,0
DA:65,0
DA:66,0
DA:68,0
DA:69,0
DA:72,0
DA:73,0
DA:74,0
DA:75,0
DA:76,0
DA:77,0
DA:78,0
DA:79,0
DA:80,0
DA:81,0
DA:82,0
DA:83,0
DA:84,0
DA:85,0
DA:86,0
DA:87,0
DA:88,0
BRDA:27,207,0,0
BRDA:27,207,1,0
BRDA:32,239,0,0
BRDA:32,239,1,0
BRDA:37,278,0,0
BRDA:37,278,1,0
BRDA:44,450,0,0
BRDA:44,450,1,0
BRDA:50,488,0,0
BRDA:53,661,0,0
BRDA:53,661,1,0
BRDA:50,488,1,0
FN:90,System.Void HealthSync.Application.Services.ChallengeParticipationService/<SubmitChallengeResultAsync>d__5::MoveNext()
FNDA:0,System.Void HealthSync.Application.Services.ChallengeParticipationService/<SubmitChallengeResultAsync>d__5::MoveNext()
DA:91,0
DA:93,0
DA:94,0
DA:95,0
DA:96,0
DA:99,0
DA:100,0
DA:101,0
DA:104,0
DA:105,0
DA:106,0
DA:108,0
DA:109,0
DA:112,0
DA:113,0
DA:114,0
DA:115,0
DA:117,0
DA:118,0
DA:121,0
DA:122,0
DA:123,0
DA:124,0
DA:125,0
DA:126,0
DA:127,0
DA:128,0
DA:129,0
DA:130,0
DA:131,0
DA:132,0
DA:133,0
DA:134,0
DA:135,0
DA:136,0
DA:137,0
BRDA:94,204,0,0
BRDA:94,204,1,0
BRDA:99,236,0,0
BRDA:99,236,1,0
BRDA:105,275,0,0
BRDA:105,275,1,0
LF:134
LH:0
BRF:20
BRH:0
FNF:6
FNH:0
end_of_record
SF:C:\Users\minhk\Downloads\HealthSyncWebAPI\HealthSync.Application\Services\DashboardAdminService.cs
FN:11,HealthSync.Application.Interfaces.IUserRepository HealthSync.Application.Services.UserDependencies::get_UserRepository()
FNDA:0,HealthSync.Application.Interfaces.IUserRepository HealthSync.Application.Services.UserDependencies::get_UserRepository()
DA:12,0
FN:12,HealthSync.Application.Interfaces.IUserProfileRepository HealthSync.Application.Services.UserDependencies::get_UserProfileRepository()
FNDA:0,HealthSync.Application.Interfaces.IUserProfileRepository HealthSync.Application.Services.UserDependencies::get_UserProfileRepository()
DA:13,0
FN:14,System.Void HealthSync.Application.Services.UserDependencies::.ctor(HealthSync.Application.Interfaces.IUserRepository,HealthSync.Application.Interfaces.IUserProfileRepository)
FNDA:0,System.Void HealthSync.Application.Services.UserDependencies::.ctor(HealthSync.Application.Interfaces.IUserRepository,HealthSync.Application.Interfaces.IUserProfileRepository)
DA:15,0
DA:16,0
DA:17,0
DA:18,0
DA:19,0
FN:23,HealthSync.Application.Interfaces.IWorkoutLogRepository HealthSync.Application.Services.WorkoutDependencies::get_WorkoutLogRepository()
FNDA:0,HealthSync.Application.Interfaces.IWorkoutLogRepository HealthSync.Application.Services.WorkoutDependencies::get_WorkoutLogRepository()
DA:24,0
FN:24,HealthSync.Application.Interfaces.IExerciseRepository HealthSync.Application.Services.WorkoutDependencies::get_ExerciseRepository()
FNDA:0,HealthSync.Application.Interfaces.IExerciseRepository HealthSync.Application.Services.WorkoutDependencies::get_ExerciseRepository()
DA:25,0
FN:25,HealthSync.Application.Interfaces.IExerciseSessionRepository HealthSync.Application.Services.WorkoutDependencies::get_ExerciseSessionRepository()
FNDA:0,HealthSync.Application.Interfaces.IExerciseSessionRepository HealthSync.Application.Services.WorkoutDependencies::get_ExerciseSessionRepository()
DA:26,0
FN:27,System.Void HealthSync.Application.Services.WorkoutDependencies::.ctor(HealthSync.Application.Interfaces.IWorkoutLogRepository,HealthSync.Application.Interfaces.IExerciseRepository,HealthSync.Application.Interfaces.IExerciseSessionRepository)
FNDA:0,System.Void HealthSync.Application.Services.WorkoutDependencies::.ctor(HealthSync.Application.Interfaces.IWorkoutLogRepository,HealthSync.Application.Interfaces.IExerciseRepository,HealthSync.Application.Interfaces.IExerciseSessionRepository)
DA:28,0
DA:29,0
DA:30,0
DA:31,0
DA:32,0
DA:33,0
FN:37,HealthSync.Application.Interfaces.IForumPostRepository HealthSync.Application.Services.ForumDependencies::get_ForumPostRepository()
FNDA:0,HealthSync.Application.Interfaces.IForumPostRepository HealthSync.Application.Services.ForumDependencies::get_ForumPostRepository()
DA:38,0
FN:38,HealthSync.Application.Interfaces.IForumReplyRepository HealthSync.Application.Services.ForumDependencies::get_ForumReplyRepository()
FNDA:0,HealthSync.Application.Interfaces.IForumReplyRepository HealthSync.Application.Services.ForumDependencies::get_ForumReplyRepository()
DA:39,0
FN:39,HealthSync.Application.Interfaces.IForumCategoryRepository HealthSync.Application.Services.ForumDependencies::get_ForumCategoryRepository()
FNDA:0,HealthSync.Application.Interfaces.IForumCategoryRepository HealthSync.Application.Services.ForumDependencies::get_ForumCategoryRepository()
DA:40,0
FN:41,System.Void HealthSync.Application.Services.ForumDependencies::.ctor(HealthSync.Application.Interfaces.IForumPostRepository,HealthSync.Application.Interfaces.IForumReplyRepository,HealthSync.Application.Interfaces.IForumCategoryRepository)
FNDA:0,System.Void HealthSync.Application.Services.ForumDependencies::.ctor(HealthSync.Application.Interfaces.IForumPostRepository,HealthSync.Application.Interfaces.IForumReplyRepository,HealthSync.Application.Interfaces.IForumCategoryRepository)
DA:42,0
DA:43,0
DA:44,0
DA:45,0
DA:46,0
DA:47,0
FN:51,HealthSync.Application.Interfaces.IChallengeRepository HealthSync.Application.Services.ChallengeDependencies::get_ChallengeRepository()
FNDA:0,HealthSync.Application.Interfaces.IChallengeRepository HealthSync.Application.Services.ChallengeDependencies::get_ChallengeRepository()
DA:52,0
FN:52,HealthSync.Application.Interfaces.IChallengeParticipationRepository HealthSync.Application.Services.ChallengeDependencies::get_ParticipationRepository()
FNDA:0,HealthSync.Application.Interfaces.IChallengeParticipationRepository HealthSync.Application.Services.ChallengeDependencies::get_ParticipationRepository()
DA:53,0
FN:54,System.Void HealthSync.Application.Services.ChallengeDependencies::.ctor(HealthSync.Application.Interfaces.IChallengeRepository,HealthSync.Application.Interfaces.IChallengeParticipationRepository)
FNDA:0,System.Void HealthSync.Application.Services.ChallengeDependencies::.ctor(HealthSync.Application.Interfaces.IChallengeRepository,HealthSync.Application.Interfaces.IChallengeParticipationRepository)
DA:55,0
DA:56,0
DA:57,0
DA:58,0
DA:59,0
FN:63,HealthSync.Application.Services.UserDependencies HealthSync.Application.Services.DashboardDependencies::get_User()
FNDA:0,HealthSync.Application.Services.UserDependencies HealthSync.Application.Services.DashboardDependencies::get_User()
DA:64,0
FN:64,HealthSync.Application.Services.WorkoutDependencies HealthSync.Application.Services.DashboardDependencies::get_Workout()
FNDA:0,HealthSync.Application.Services.WorkoutDependencies HealthSync.Application.Services.DashboardDependencies::get_Workout()
DA:65,0
FN:65,HealthSync.Application.Interfaces.INutritionLogRepository HealthSync.Application.Services.DashboardDependencies::get_NutritionLogRepository()
FNDA:0,HealthSync.Application.Interfaces.INutritionLogRepository HealthSync.Application.Services.DashboardDependencies::get_NutritionLogRepository()
DA:66,0
FN:66,HealthSync.Application.Services.ForumDependencies HealthSync.Application.Services.DashboardDependencies::get_Forum()
FNDA:0,HealthSync.Application.Services.ForumDependencies HealthSync.Application.Services.DashboardDependencies::get_Forum()
DA:67,0
FN:67,HealthSync.Application.Services.ChallengeDependencies HealthSync.Application.Services.DashboardDependencies::get_Challenge()
FNDA:0,HealthSync.Application.Services.ChallengeDependencies HealthSync.Application.Services.DashboardDependencies::get_Challenge()
DA:68,0
FN:69,System.Void HealthSync.Application.Services.DashboardDependencies::.ctor(HealthSync.Application.Services.UserDependencies,HealthSync.Application.Services.WorkoutDependencies,HealthSync.Application.Interfaces.INutritionLogRepository,HealthSync.Application.Services.ForumDependencies,HealthSync.Application.Services.ChallengeDependencies)
FNDA:0,System.Void HealthSync.Application.Services.DashboardDependencies::.ctor(HealthSync.Application.Services.UserDependencies,HealthSync.Application.Services.WorkoutDependencies,HealthSync.Application.Interfaces.INutritionLogRepository,HealthSync.Application.Services.ForumDependencies,HealthSync.Application.Services.ChallengeDependencies)
DA:70,0
DA:71,0
DA:72,0
DA:73,0
DA:74,0
DA:75,0
DA:76,0
DA:77,0
DA:78,0
DA:79,0
DA:80,0
DA:81,0
DA:82,0
FN:92,System.Void HealthSync.Application.Services.DashboardAdminService::.ctor(HealthSync.Application.Services.DashboardDependencies,Microsoft.Extensions.Logging.ILogger`1<HealthSync.Application.Services.DashboardAdminService>)
FNDA:0,System.Void HealthSync.Application.Services.DashboardAdminService::.ctor(HealthSync.Application.Services.DashboardDependencies,Microsoft.Extensions.Logging.ILogger`1<HealthSync.Application.Services.DashboardAdminService>)
DA:93,0
DA:94,0
DA:95,0
DA:96,0
DA:97,0
DA:98,0
DA:99,0
FN:111,System.Boolean HealthSync.Application.Services.DashboardAdminService/<>c::<GetDashboardStatsAsync>b__3_0(HealthSync.Domain.Entities.ApplicationUser)
FNDA:0,System.Boolean HealthSync.Application.Services.DashboardAdminService/<>c::<GetDashboardStatsAsync>b__3_0(HealthSync.Domain.Entities.ApplicationUser)
DA:112,0
FN:154,System.Boolean HealthSync.Application.Services.DashboardAdminService/<>c::<GetDetailedStatsAsync>b__4_0(HealthSync.Domain.Entities.ApplicationUser)
FNDA:0,System.Boolean HealthSync.Application.Services.DashboardAdminService/<>c::<GetDetailedStatsAsync>b__4_0(HealthSync.Domain.Entities.ApplicationUser)
DA:155,0
FN:203,System.Boolean HealthSync.Application.Services.DashboardAdminService/<>c::<GetDetailedStatsAsync>b__4_5(HealthSync.Domain.Entities.Challenge)
FNDA:0,System.Boolean HealthSync.Application.Services.DashboardAdminService/<>c::<GetDetailedStatsAsync>b__4_5(HealthSync.Domain.Entities.Challenge)
DA:204,0
FN:215,System.Boolean HealthSync.Application.Services.DashboardAdminService/<>c::<GetDetailedStatsAsync>b__4_6(HealthSync.Domain.Entities.ChallengeParticipation)
FNDA:0,System.Boolean HealthSync.Application.Services.DashboardAdminService/<>c::<GetDetailedStatsAsync>b__4_6(HealthSync.Domain.Entities.ChallengeParticipation)
DA:216,0
FN:263,System.Int32 HealthSync.Application.Services.DashboardAdminService/<>c::<GetTopContentAsync>b__5_0(HealthSync.Domain.Entities.ExerciseSession)
FNDA:0,System.Int32 HealthSync.Application.Services.DashboardAdminService/<>c::<GetTopContentAsync>b__5_0(HealthSync.Domain.Entities.ExerciseSession)
DA:264,0
FN:264,<>f__AnonymousType1`2<System.Int32,System.Int32> HealthSync.Application.Services.DashboardAdminService/<>c::<GetTopContentAsync>b__5_1(System.Linq.IGrouping`2<System.Int32,HealthSync.Domain.Entities.ExerciseSession>)
FNDA:0,<>f__AnonymousType1`2<System.Int32,System.Int32> HealthSync.Application.Services.DashboardAdminService/<>c::<GetTopContentAsync>b__5_1(System.Linq.IGrouping`2<System.Int32,HealthSync.Domain.Entities.ExerciseSession>)
DA:265,0
DA:266,0
DA:267,0
DA:268,0
DA:269,0
FN:269,System.Int32 HealthSync.Application.Services.DashboardAdminService/<>c::<GetTopContentAsync>b__5_2(<>f__AnonymousType1`2<System.Int32,System.Int32>)
FNDA:0,System.Int32 HealthSync.Application.Services.DashboardAdminService/<>c::<GetTopContentAsync>b__5_2(<>f__AnonymousType1`2<System.Int32,System.Int32>)
DA:270,0
FN:323,System.Int32 HealthSync.Application.Services.DashboardAdminService/<>c::<GetTopContentAsync>b__5_5(HealthSync.Application.DTOs.Dashboard.TopForumCategoryDto)
FNDA:0,System.Int32 HealthSync.Application.Services.DashboardAdminService/<>c::<GetTopContentAsync>b__5_5(HealthSync.Application.DTOs.Dashboard.TopForumCategoryDto)
DA:324,0
FN:116,System.Boolean HealthSync.Application.Services.DashboardAdminService/<>c__DisplayClass3_0::<GetDashboardStatsAsync>b__1(HealthSync.Domain.Entities.ApplicationUser)
FNDA:0,System.Boolean HealthSync.Application.Services.DashboardAdminService/<>c__DisplayClass3_0::<GetDashboardStatsAsync>b__1(HealthSync.Domain.Entities.ApplicationUser)
DA:117,0
FN:157,System.Boolean HealthSync.Application.Services.DashboardAdminService/<>c__DisplayClass4_0::<GetDetailedStatsAsync>b__1(HealthSync.Domain.Entities.ApplicationUser)
FNDA:0,System.Boolean HealthSync.Application.Services.DashboardAdminService/<>c__DisplayClass4_0::<GetDetailedStatsAsync>b__1(HealthSync.Domain.Entities.ApplicationUser)
DA:158,0
FN:167,System.Boolean HealthSync.Application.Services.DashboardAdminService/<>c__DisplayClass4_0::<GetDetailedStatsAsync>b__2(HealthSync.Domain.Entities.NutritionLog)
FNDA:0,System.Boolean HealthSync.Application.Services.DashboardAdminService/<>c__DisplayClass4_0::<GetDetailedStatsAsync>b__2(HealthSync.Domain.Entities.NutritionLog)
DA:168,0
FN:179,System.Boolean HealthSync.Application.Services.DashboardAdminService/<>c__DisplayClass4_0::<GetDetailedStatsAsync>b__3(HealthSync.Domain.Entities.Post)
FNDA:0,System.Boolean HealthSync.Application.Services.DashboardAdminService/<>c__DisplayClass4_0::<GetDetailedStatsAsync>b__3(HealthSync.Domain.Entities.Post)
DA:180,0
FN:191,System.Boolean HealthSync.Application.Services.DashboardAdminService/<>c__DisplayClass4_0::<GetDetailedStatsAsync>b__4(HealthSync.Domain.Entities.Reply)
FNDA:0,System.Boolean HealthSync.Application.Services.DashboardAdminService/<>c__DisplayClass4_0::<GetDetailedStatsAsync>b__4(HealthSync.Domain.Entities.Reply)
DA:192,0
FN:275,System.Boolean HealthSync.Application.Services.DashboardAdminService/<>c__DisplayClass5_0::<GetTopContentAsync>b__3(HealthSync.Domain.Entities.Exercise)
FNDA:0,System.Boolean HealthSync.Application.Services.DashboardAdminService/<>c__DisplayClass5_0::<GetTopContentAsync>b__3(HealthSync.Domain.Entities.Exercise)
DA:276,0
FN:305,HealthSync.Application.DTOs.Dashboard.TopForumCategoryDto HealthSync.Application.Services.DashboardAdminService/<>c__DisplayClass5_1::<GetTopContentAsync>b__4(HealthSync.Domain.Entities.ForumCategory)
FNDA:0,HealthSync.Application.DTOs.Dashboard.TopForumCategoryDto HealthSync.Application.Services.DashboardAdminService/<>c__DisplayClass5_1::<GetTopContentAsync>b__4(HealthSync.Domain.Entities.ForumCategory)
DA:306,0
DA:307,0
DA:308,0
DA:309,0
DA:310,0
DA:311,0
DA:312,0
DA:313,0
DA:314,0
BRDA:312,42,0,0
BRDA:312,42,1,0
FN:104,System.Void HealthSync.Application.Services.DashboardAdminService/<GetDashboardStatsAsync>d__3::MoveNext()
FNDA:0,System.Void HealthSync.Application.Services.DashboardAdminService/<GetDashboardStatsAsync>d__3::MoveNext()
DA:105,0
DA:107,0
DA:108,0
DA:111,0
DA:115,0
DA:116,0
DA:120,0
DA:122,0
DA:123,0
DA:124,0
DA:125,0
DA:126,0
DA:127,0
DA:128,0
DA:130,0
DA:132,0
DA:134,0
DA:135,0
DA:136,0
DA:137,0
DA:139,0
FN:144,System.Void HealthSync.Application.Services.DashboardAdminService/<GetDetailedStatsAsync>d__4::MoveNext()
FNDA:0,System.Void HealthSync.Application.Services.DashboardAdminService/<GetDetailedStatsAsync>d__4::MoveNext()
DA:145,0
DA:147,0
DA:148,0
DA:150,0
DA:151,0
DA:154,0
DA:161,0
DA:164,0
DA:166,0
DA:167,0
DA:169,0
DA:170,0
DA:171,0
DA:172,0
DA:173,0
DA:176,0
DA:178,0
DA:179,0
DA:181,0
DA:182,0
DA:183,0
DA:184,0
DA:185,0
DA:188,0
DA:190,0
DA:191,0
DA:193,0
DA:194,0
DA:195,0
DA:196,0
DA:197,0
DA:200,0
DA:202,0
DA:203,0
DA:205,0
DA:206,0
DA:207,0
DA:208,0
DA:209,0
DA:212,0
DA:214,0
DA:215,0
DA:217,0
DA:218,0
DA:219,0
DA:220,0
DA:221,0
DA:223,0
DA:224,0
DA:225,0
DA:226,0
DA:227,0
DA:228,0
DA:229,0
DA:230,0
DA:231,0
DA:232,0
DA:233,0
DA:234,0
DA:236,0
DA:238,0
DA:240,0
DA:241,0
DA:242,0
DA:243,0
DA:245,0
FN:250,System.Void HealthSync.Application.Services.DashboardAdminService/<GetTopContentAsync>d__5::MoveNext()
FNDA:0,System.Void HealthSync.Application.Services.DashboardAdminService/<GetTopContentAsync>d__5::MoveNext()
DA:251,0
DA:253,0
DA:254,0
DA:257,0
DA:259,0
DA:260,0
DA:261,0
DA:263,0
DA:271,0
DA:272,0
DA:274,0
DA:275,0
DA:277,0
DA:278,0
DA:279,0
DA:280,0
DA:281,0
DA:282,0
DA:283,0
DA:284,0
DA:285,0
DA:286,0
DA:287,0
DA:288,0
DA:290,0
DA:291,0
DA:292,0
DA:293,0
DA:294,0
DA:295,0
DA:298,0
DA:300,0
DA:301,0
DA:302,0
DA:303,0
DA:305,0
DA:315,0
DA:318,0
DA:319,0
DA:320,0
DA:321,0
DA:323,0
DA:325,0
DA:326,0
DA:328,0
DA:329,0
DA:330,0
DA:331,0
DA:332,0
DA:333,0
DA:335,0
DA:336,0
DA:337,0
DA:338,0
DA:339,0
DA:340,0
DA:342,0
DA:344,0
DA:346,0
DA:347,0
DA:348,0
DA:349,0
DA:351,0
BRDA:251,27,0,0
BRDA:274,790,1,0
BRDA:277,615,0,0
BRDA:277,615,1,0
BRDA:274,790,0,0
BRDA:251,27,1,0
BRDA:318,1593,1,0
BRDA:318,1593,0,0
FN:356,System.Void HealthSync.Application.Services.DashboardAdminService/<GetUsersByContributionPointsAsync>d__6::MoveNext()
FNDA:0,System.Void HealthSync.Application.Services.DashboardAdminService/<GetUsersByContributionPointsAsync>d__6::MoveNext()
DA:357,0
DA:359,0
DA:360,0
DA:362,0
DA:364,0
DA:365,0
DA:367,0
DA:368,0
DA:369,0
DA:370,0
DA:371,0
DA:372,0
DA:373,0
DA:374,0
DA:375,0
DA:376,0
DA:377,0
DA:378,0
DA:379,0
DA:380,0
DA:381,0
DA:382,0
DA:383,0
DA:384,0
DA:386,0
DA:388,0
DA:390,0
DA:391,0
DA:392,0
DA:393,0
DA:395,0
BRDA:367,622,1,0
BRDA:370,438,0,0
BRDA:370,438,1,0
BRDA:367,622,0,0
LF:265
LH:0
BRF:14
BRH:0
FNF:40
FNH:0
end_of_record
SF:C:\Users\minhk\Downloads\HealthSyncWebAPI\HealthSync.Application\Services\ExerciseService.cs
FN:13,System.Void HealthSync.Application.Services.ExerciseService::.ctor(HealthSync.Application.Interfaces.IExerciseRepository,HealthSync.Application.Interfaces.IFileStorageService)
FNDA:0,System.Void HealthSync.Application.Services.ExerciseService::.ctor(HealthSync.Application.Interfaces.IExerciseRepository,HealthSync.Application.Interfaces.IFileStorageService)
DA:14,0
DA:15,0
DA:16,0
DA:17,0
DA:18,0
FN:22,HealthSync.Application.DTOs.Exercises.ExerciseDto HealthSync.Application.Services.ExerciseService/<>c::<GetAllExercisesAsync>b__3_0(HealthSync.Domain.Entities.Exercise)
FNDA:0,HealthSync.Application.DTOs.Exercises.ExerciseDto HealthSync.Application.Services.ExerciseService/<>c::<GetAllExercisesAsync>b__3_0(HealthSync.Domain.Entities.Exercise)
DA:23,0
DA:24,0
DA:25,0
DA:26,0
DA:27,0
DA:28,0
DA:29,0
DA:30,0
DA:31,0
DA:32,0
DA:33,0
DA:34,0
DA:35,0
DA:36,0
DA:37,0
BRDA:23,101,0,0
BRDA:23,101,1,0
FN:48,System.String HealthSync.Application.Services.ExerciseService/<>c::<GetExercisesAsync>b__4_0(HealthSync.Domain.Entities.Exercise)
FNDA:0,System.String HealthSync.Application.Services.ExerciseService/<>c::<GetExercisesAsync>b__4_0(HealthSync.Domain.Entities.Exercise)
DA:49,0
FN:51,HealthSync.Application.DTOs.Exercises.ExerciseDto HealthSync.Application.Services.ExerciseService/<>c::<GetExercisesAsync>b__4_1(HealthSync.Domain.Entities.Exercise)
FNDA:0,HealthSync.Application.DTOs.Exercises.ExerciseDto HealthSync.Application.Services.ExerciseService/<>c::<GetExercisesAsync>b__4_1(HealthSync.Domain.Entities.Exercise)
DA:52,0
DA:53,0
DA:54,0
DA:55,0
DA:56,0
DA:57,0
DA:58,0
DA:59,0
DA:60,0
DA:61,0
DA:62,0
DA:63,0
DA:64,0
DA:65,0
DA:66,0
BRDA:52,101,0,0
BRDA:52,101,1,0
FN:94,System.Void HealthSync.Application.Services.ExerciseService/<CreateExerciseAsync>d__6::MoveNext()
FNDA:0,System.Void HealthSync.Application.Services.ExerciseService/<CreateExerciseAsync>d__6::MoveNext()
DA:95,0
DA:96,0
DA:97,0
DA:98,0
DA:101,0
DA:102,0
DA:103,0
DA:104,0
DA:105,0
DA:106,0
DA:107,0
DA:108,0
DA:109,0
DA:110,0
DA:111,0
DA:112,0
DA:114,0
DA:116,0
DA:117,0
DA:118,0
DA:119,0
DA:120,0
DA:121,0
DA:122,0
DA:123,0
DA:124,0
DA:125,0
DA:126,0
BRDA:96,167,0,0
BRDA:96,167,1,0
BRDA:101,268,0,0
BRDA:101,268,1,0
BRDA:116,656,0,0
BRDA:116,656,1,0
FN:200,System.Void HealthSync.Application.Services.ExerciseService/<DeleteExerciseAsync>d__9::MoveNext()
FNDA:0,System.Void HealthSync.Application.Services.ExerciseService/<DeleteExerciseAsync>d__9::MoveNext()
DA:201,0
DA:202,0
DA:203,0
DA:204,0
DA:205,0
DA:208,0
DA:209,0
DA:210,0
DA:213,0
DA:214,0
BRDA:203,187,0,0
BRDA:203,187,1,0
BRDA:208,383,0,0
BRDA:208,383,1,0
FN:20,System.Void HealthSync.Application.Services.ExerciseService/<GetAllExercisesAsync>d__3::MoveNext()
FNDA:0,System.Void HealthSync.Application.Services.ExerciseService/<GetAllExercisesAsync>d__3::MoveNext()
DA:21,0
DA:22,0
DA:38,0
FN:72,System.Void HealthSync.Application.Services.ExerciseService/<GetExerciseByIdAsync>d__5::MoveNext()
FNDA:0,System.Void HealthSync.Application.Services.ExerciseService/<GetExerciseByIdAsync>d__5::MoveNext()
DA:73,0
DA:74,0
DA:75,0
DA:77,0
DA:78,0
DA:79,0
DA:80,0
DA:81,0
DA:82,0
DA:83,0
DA:84,0
DA:85,0
DA:86,0
DA:87,0
DA:88,0
DA:89,0
DA:90,0
DA:91,0
DA:92,0
BRDA:75,164,0,0
BRDA:75,164,1,0
BRDA:77,302,0,0
BRDA:77,302,1,0
FN:40,System.Void HealthSync.Application.Services.ExerciseService/<GetExercisesAsync>d__4::MoveNext()
FNDA:0,System.Void HealthSync.Application.Services.ExerciseService/<GetExercisesAsync>d__4::MoveNext()
DA:41,0
DA:43,0
DA:44,0
DA:46,0
DA:48,0
DA:50,0
DA:51,0
DA:67,0
DA:69,0
DA:70,0
BRDA:43,29,0,0
BRDA:43,29,1,0
BRDA:44,45,0,0
BRDA:44,45,1,0
BRDA:44,62,0,0
BRDA:44,62,1,0
FN:128,System.Void HealthSync.Application.Services.ExerciseService/<UpdateExerciseAsync>d__7::MoveNext()
FNDA:0,System.Void HealthSync.Application.Services.ExerciseService/<UpdateExerciseAsync>d__7::MoveNext()
DA:129,0
DA:130,0
DA:131,0
DA:132,0
DA:133,0
DA:136,0
DA:137,0
DA:138,0
DA:141,0
DA:142,0
DA:143,0
DA:144,0
DA:145,0
DA:146,0
DA:147,0
DA:148,0
DA:149,0
DA:150,0
DA:151,0
DA:152,0
DA:153,0
DA:155,0
DA:157,0
DA:158,0
DA:159,0
DA:160,0
DA:161,0
DA:162,0
DA:163,0
DA:164,0
DA:165,0
DA:166,0
DA:167,0
BRDA:131,189,0,0
BRDA:131,189,1,0
BRDA:136,298,0,0
BRDA:136,298,1,0
BRDA:136,461,0,0
BRDA:136,461,1,0
BRDA:141,498,0,0
BRDA:141,498,1,0
BRDA:143,546,0,0
BRDA:143,546,1,0
BRDA:145,599,0,0
BRDA:145,599,1,0
BRDA:147,647,0,0
BRDA:148,671,0,0
BRDA:148,671,1,0
BRDA:147,647,1,0
BRDA:149,730,0,0
BRDA:149,730,1,0
BRDA:151,773,0,0
BRDA:151,773,1,0
BRDA:157,1059,0,0
BRDA:157,1059,1,0
FN:169,System.Void HealthSync.Application.Services.ExerciseService/<UploadExerciseImageAsync>d__8::MoveNext()
FNDA:0,System.Void HealthSync.Application.Services.ExerciseService/<UploadExerciseImageAsync>d__8::MoveNext()
DA:170,0
DA:171,0
DA:172,0
DA:173,0
DA:174,0
DA:178,0
DA:180,0
DA:181,0
DA:183,0
DA:185,0
DA:186,0
DA:187,0
DA:188,0
DA:189,0
DA:190,0
DA:191,0
DA:192,0
DA:193,0
DA:194,0
DA:195,0
DA:196,0
DA:197,0
DA:198,0
DA:199,0
DA:200,0
BRDA:172,189,0,0
BRDA:172,189,1,0
BRDA:185,678,0,0
BRDA:185,678,1,0
LF:164
LH:0
BRF:50
BRH:0
FNF:11
FNH:0
end_of_record
SF:C:\Users\minhk\Downloads\HealthSyncWebAPI\HealthSync.Application\Services\FoodItemService.cs
FN:14,System.Void HealthSync.Application.Services.FoodItemService::.ctor(HealthSync.Application.Interfaces.IFoodItemRepository,Microsoft.AspNetCore.Http.IHttpContextAccessor,HealthSync.Application.Interfaces.IUserRepository)
FNDA:0,System.Void HealthSync.Application.Services.FoodItemService::.ctor(HealthSync.Application.Interfaces.IFoodItemRepository,Microsoft.AspNetCore.Http.IHttpContextAccessor,HealthSync.Application.Interfaces.IUserRepository)
DA:15,0
DA:16,0
DA:17,0
DA:18,0
DA:19,0
DA:20,0
FN:36,System.Void HealthSync.Application.Services.FoodItemService/<CreateAsync>d__6::MoveNext()
FNDA:0,System.Void HealthSync.Application.Services.FoodItemService/<CreateAsync>d__6::MoveNext()
DA:37,0
DA:39,0
DA:40,0
DA:41,0
DA:42,0
DA:46,0
DA:47,0
DA:48,0
DA:49,0
DA:52,0
DA:53,0
DA:54,0
DA:55,0
DA:56,0
DA:57,0
DA:58,0
DA:59,0
DA:60,0
DA:61,0
DA:62,0
DA:63,0
DA:64,0
DA:65,0
DA:66,0
DA:67,0
DA:69,0
DA:71,0
DA:72,0
DA:73,0
DA:74,0
DA:75,0
DA:76,0
DA:77,0
DA:78,0
DA:79,0
DA:80,0
DA:81,0
DA:82,0
DA:83,0
DA:84,0
DA:85,0
DA:86,0
DA:87,0
BRDA:39,47,0,0
BRDA:39,47,1,0
BRDA:39,69,0,0
BRDA:39,69,1,0
BRDA:40,96,0,0
BRDA:40,96,1,0
BRDA:40,123,0,0
BRDA:40,123,1,0
BRDA:47,287,0,0
BRDA:47,287,1,0
BRDA:52,390,0,0
BRDA:52,390,1,0
FN:131,System.Void HealthSync.Application.Services.FoodItemService/<DeleteAsync>d__8::MoveNext()
FNDA:0,System.Void HealthSync.Application.Services.FoodItemService/<DeleteAsync>d__8::MoveNext()
DA:132,0
DA:133,0
DA:134,0
FN:31,System.Void HealthSync.Application.Services.FoodItemService/<GetByIdAsync>d__5::MoveNext()
FNDA:0,System.Void HealthSync.Application.Services.FoodItemService/<GetByIdAsync>d__5::MoveNext()
DA:32,0
DA:33,0
DA:34,0
FN:26,System.Void HealthSync.Application.Services.FoodItemService/<SearchAsync>d__4::MoveNext()
FNDA:0,System.Void HealthSync.Application.Services.FoodItemService/<SearchAsync>d__4::MoveNext()
DA:27,0
DA:28,0
DA:29,0
FN:89,System.Void HealthSync.Application.Services.FoodItemService/<UpdateAsync>d__7::MoveNext()
FNDA:0,System.Void HealthSync.Application.Services.FoodItemService/<UpdateAsync>d__7::MoveNext()
DA:90,0
DA:91,0
DA:92,0
DA:93,0
DA:94,0
DA:95,0
DA:96,0
DA:97,0
DA:98,0
DA:99,0
DA:100,0
DA:101,0
DA:102,0
DA:103,0
DA:104,0
DA:105,0
DA:107,0
DA:108,0
DA:109,0
DA:110,0
DA:113,0
DA:114,0
DA:115,0
DA:116,0
DA:117,0
DA:118,0
DA:119,0
DA:120,0
DA:121,0
DA:122,0
DA:123,0
DA:124,0
DA:125,0
DA:126,0
DA:127,0
DA:128,0
DA:129,0
BRDA:91,55,0,0
BRDA:91,55,1,0
BRDA:108,414,0,0
BRDA:108,414,1,0
LF:95
LH:0
BRF:16
BRH:0
FNF:6
FNH:0
end_of_record
SF:C:\Users\minhk\Downloads\HealthSyncWebAPI\HealthSync.Application\Services\ForumAdminService.cs
FN:10,System.Void HealthSync.Application.Services.ForumAdminService::.ctor(HealthSync.Application.Interfaces.IForumPostRepository,HealthSync.Application.Interfaces.IForumReplyRepository)
FNDA:0,System.Void HealthSync.Application.Services.ForumAdminService::.ctor(HealthSync.Application.Interfaces.IForumPostRepository,HealthSync.Application.Interfaces.IForumReplyRepository)
DA:11,0
DA:12,0
DA:13,0
DA:14,0
DA:15,0
DA:16,0
DA:17,0
FN:19,System.Void HealthSync.Application.Services.ForumAdminService/<DeletePostAsync>d__4::MoveNext()
FNDA:0,System.Void HealthSync.Application.Services.ForumAdminService/<DeletePostAsync>d__4::MoveNext()
DA:20,0
DA:22,0
DA:23,0
DA:24,0
DA:25,0
DA:27,0
DA:28,0
DA:30,0
DA:32,0
DA:33,0
DA:34,0
DA:36,0
BRDA:24,192,0,0
BRDA:24,192,1,0
FN:139,System.Void HealthSync.Application.Services.ForumAdminService/<DeleteReplyAsync>d__10::MoveNext()
FNDA:0,System.Void HealthSync.Application.Services.ForumAdminService/<DeleteReplyAsync>d__10::MoveNext()
DA:140,0
DA:142,0
DA:143,0
DA:144,0
DA:145,0
DA:147,0
DA:148,0
DA:150,0
DA:152,0
DA:153,0
DA:154,0
DA:156,0
BRDA:144,192,0,0
BRDA:144,192,1,0
FN:119,System.Void HealthSync.Application.Services.ForumAdminService/<HideReplyAsync>d__9::MoveNext()
FNDA:0,System.Void HealthSync.Application.Services.ForumAdminService/<HideReplyAsync>d__9::MoveNext()
DA:120,0
DA:122,0
DA:123,0
DA:124,0
DA:125,0
DA:127,0
DA:128,0
DA:129,0
DA:131,0
DA:133,0
DA:134,0
DA:135,0
DA:137,0
BRDA:124,185,0,0
BRDA:124,185,1,0
FN:79,System.Void HealthSync.Application.Services.ForumAdminService/<LockPostAsync>d__7::MoveNext()
FNDA:0,System.Void HealthSync.Application.Services.ForumAdminService/<LockPostAsync>d__7::MoveNext()
DA:80,0
DA:82,0
DA:83,0
DA:84,0
DA:85,0
DA:87,0
DA:88,0
DA:89,0
DA:91,0
DA:93,0
DA:94,0
DA:95,0
DA:97,0
BRDA:84,185,0,0
BRDA:84,185,1,0
FN:38,System.Void HealthSync.Application.Services.ForumAdminService/<PinPostAsync>d__5::MoveNext()
FNDA:0,System.Void HealthSync.Application.Services.ForumAdminService/<PinPostAsync>d__5::MoveNext()
DA:39,0
DA:41,0
DA:42,0
DA:43,0
DA:44,0
DA:46,0
DA:47,0
DA:48,0
DA:50,0
DA:52,0
DA:53,0
DA:54,0
DA:56,0
BRDA:43,185,0,0
BRDA:43,185,1,0
FN:58,System.Void HealthSync.Application.Services.ForumAdminService/<TogglePinPostAsync>d__6::MoveNext()
FNDA:0,System.Void HealthSync.Application.Services.ForumAdminService/<TogglePinPostAsync>d__6::MoveNext()
DA:59,0
DA:61,0
DA:62,0
DA:63,0
DA:64,0
DA:66,0
DA:67,0
DA:68,0
DA:70,0
DA:71,0
DA:73,0
DA:74,0
DA:75,0
DA:77,0
BRDA:63,185,0,0
BRDA:63,185,1,0
BRDA:70,369,0,0
BRDA:70,369,1,0
FN:99,System.Void HealthSync.Application.Services.ForumAdminService/<UnlockPostAsync>d__8::MoveNext()
FNDA:0,System.Void HealthSync.Application.Services.ForumAdminService/<UnlockPostAsync>d__8::MoveNext()
DA:100,0
DA:102,0
DA:103,0
DA:104,0
DA:105,0
DA:107,0
DA:108,0
DA:109,0
DA:111,0
DA:113,0
DA:114,0
DA:115,0
DA:117,0
BRDA:104,185,0,0
BRDA:104,185,1,0
LF:97
LH:0
BRF:16
BRH:0
FNF:8
FNH:0
end_of_record
SF:C:\Users\minhk\Downloads\HealthSyncWebAPI\HealthSync.Application\Services\ForumCategoryService.cs
FN:124,HealthSync.Application.DTOs.ForumCategories.ForumCategoryDto HealthSync.Application.Services.ForumCategoryService::MapToDto(HealthSync.Domain.Entities.ForumCategory)
FNDA:0,HealthSync.Application.DTOs.ForumCategories.ForumCategoryDto HealthSync.Application.Services.ForumCategoryService::MapToDto(HealthSync.Domain.Entities.ForumCategory)
DA:125,0
DA:126,0
DA:127,0
DA:128,0
DA:129,0
DA:130,0
DA:131,0
DA:132,0
DA:133,0
DA:134,0
DA:135,0
FN:10,System.Void HealthSync.Application.Services.ForumCategoryService::.ctor(HealthSync.Application.Interfaces.IForumCategoryRepository)
FNDA:0,System.Void HealthSync.Application.Services.ForumCategoryService::.ctor(HealthSync.Application.Interfaces.IForumCategoryRepository)
DA:11,0
DA:12,0
DA:13,0
DA:14,0
FN:16,System.Void HealthSync.Application.Services.ForumCategoryService/<CreateAsync>d__2::MoveNext()
FNDA:0,System.Void HealthSync.Application.Services.ForumCategoryService/<CreateAsync>d__2::MoveNext()
DA:17,0
DA:19,0
DA:20,0
DA:21,0
DA:24,0
DA:25,0
DA:26,0
DA:27,0
DA:28,0
DA:29,0
DA:30,0
DA:31,0
DA:33,0
DA:35,0
DA:36,0
BRDA:19,157,0,0
BRDA:19,157,1,0
BRDA:24,208,0,0
BRDA:24,208,1,0
FN:74,System.Void HealthSync.Application.Services.ForumCategoryService/<DeleteAsync>d__6::MoveNext()
FNDA:0,System.Void HealthSync.Application.Services.ForumCategoryService/<DeleteAsync>d__6::MoveNext()
DA:75,0
DA:76,0
DA:77,0
DA:78,0
DA:79,0
DA:83,0
DA:84,0
DA:85,0
DA:88,0
DA:89,0
DA:90,0
BRDA:77,189,0,0
BRDA:77,189,1,0
BRDA:83,329,0,0
BRDA:83,329,1,0
FN:107,System.Void HealthSync.Application.Services.ForumCategoryService/<ExistsAsync>d__10::MoveNext()
FNDA:0,System.Void HealthSync.Application.Services.ForumCategoryService/<ExistsAsync>d__10::MoveNext()
DA:108,0
DA:109,0
DA:110,0
FN:92,System.Void HealthSync.Application.Services.ForumCategoryService/<ExistsByNameAsync>d__7::MoveNext()
FNDA:0,System.Void HealthSync.Application.Services.ForumCategoryService/<ExistsByNameAsync>d__7::MoveNext()
DA:93,0
DA:94,0
DA:95,0
FN:97,System.Void HealthSync.Application.Services.ForumCategoryService/<ExistsByNameAsync>d__8::MoveNext()
FNDA:0,System.Void HealthSync.Application.Services.ForumCategoryService/<ExistsByNameAsync>d__8::MoveNext()
DA:98,0
DA:99,0
DA:100,0
FN:44,System.Void HealthSync.Application.Services.ForumCategoryService/<GetAllAsync>d__4::MoveNext()
FNDA:0,System.Void HealthSync.Application.Services.ForumCategoryService/<GetAllAsync>d__4::MoveNext()
DA:45,0
DA:46,0
DA:47,0
DA:48,0
FN:112,System.Void HealthSync.Application.Services.ForumCategoryService/<GetAllOrderedByDisplayOrderAsync>d__11::MoveNext()
FNDA:0,System.Void HealthSync.Application.Services.ForumCategoryService/<GetAllOrderedByDisplayOrderAsync>d__11::MoveNext()
DA:113,0
DA:114,0
DA:115,0
DA:116,0
FN:38,System.Void HealthSync.Application.Services.ForumCategoryService/<GetByIdAsync>d__3::MoveNext()
FNDA:0,System.Void HealthSync.Application.Services.ForumCategoryService/<GetByIdAsync>d__3::MoveNext()
DA:39,0
DA:40,0
DA:41,0
DA:42,0
BRDA:41,157,0,0
BRDA:41,157,1,0
FN:118,System.Void HealthSync.Application.Services.ForumCategoryService/<GetByIdWithPostsCountAsync>d__12::MoveNext()
FNDA:0,System.Void HealthSync.Application.Services.ForumCategoryService/<GetByIdWithPostsCountAsync>d__12::MoveNext()
DA:119,0
DA:120,0
DA:121,0
DA:122,0
BRDA:121,157,0,0
BRDA:121,157,1,0
FN:102,System.Void HealthSync.Application.Services.ForumCategoryService/<HasRelatedPostsAsync>d__9::MoveNext()
FNDA:0,System.Void HealthSync.Application.Services.ForumCategoryService/<HasRelatedPostsAsync>d__9::MoveNext()
DA:103,0
DA:104,0
DA:105,0
FN:50,System.Void HealthSync.Application.Services.ForumCategoryService/<UpdateAsync>d__5::MoveNext()
FNDA:0,System.Void HealthSync.Application.Services.ForumCategoryService/<UpdateAsync>d__5::MoveNext()
DA:51,0
DA:52,0
DA:53,0
DA:54,0
DA:55,0
DA:59,0
DA:60,0
DA:61,0
DA:64,0
DA:65,0
DA:66,0
DA:67,0
DA:69,0
DA:71,0
DA:72,0
BRDA:53,189,0,0
BRDA:53,189,1,0
BRDA:59,344,0,0
BRDA:59,344,1,0
BRDA:65,399,0,0
BRDA:65,399,1,0
BRDA:66,445,0,0
BRDA:66,445,1,0
LF:84
LH:0
BRF:20
BRH:0
FNF:13
FNH:0
end_of_record
SF:C:\Users\minhk\Downloads\HealthSyncWebAPI\HealthSync.Application\Services\GoalService.cs
FN:226,System.Decimal HealthSync.Application.Services.GoalService::GetInitialValue(HealthSync.Domain.Entities.GoalType,HealthSync.Domain.Entities.UserProfile)
FNDA:0,System.Decimal HealthSync.Application.Services.GoalService::GetInitialValue(HealthSync.Domain.Entities.GoalType,HealthSync.Domain.Entities.UserProfile)
DA:227,0
DA:228,0
DA:229,0
DA:230,0
DA:231,0
DA:232,0
DA:233,0
DA:234,0
DA:235,0
BRDA:228,7,0,0
BRDA:228,7,1,0
BRDA:231,18,0,0
BRDA:231,18,1,0
BRDA:228,13,1,0
BRDA:228,13,0,0
FN:237,System.Boolean HealthSync.Application.Services.GoalService::IsGoalCompleted(HealthSync.Domain.Entities.Goal,System.Decimal)
FNDA:0,System.Boolean HealthSync.Application.Services.GoalService::IsGoalCompleted(HealthSync.Domain.Entities.Goal,System.Decimal)
DA:238,0
DA:239,0
DA:240,0
DA:241,0
DA:242,0
DA:243,0
DA:244,0
DA:245,0
DA:246,0
DA:247,0
BRDA:239,13,1,0
BRDA:239,13,2,0
BRDA:239,13,3,0
BRDA:239,13,4,0
BRDA:239,13,0,0
FN:249,System.Decimal HealthSync.Application.Services.GoalService::CalculateProgressPercent(HealthSync.Domain.Entities.Goal,System.Collections.Generic.IEnumerable`1<HealthSync.Domain.Entities.ProgressRecord>)
FNDA:0,System.Decimal HealthSync.Application.Services.GoalService::CalculateProgressPercent(HealthSync.Domain.Entities.Goal,System.Collections.Generic.IEnumerable`1<HealthSync.Domain.Entities.ProgressRecord>)
DA:250,0
DA:251,0
DA:253,0
DA:254,0
DA:256,0
DA:257,0
DA:258,0
DA:260,0
DA:262,0
DA:263,0
DA:264,0
DA:265,0
DA:266,0
DA:267,0
DA:268,0
DA:269,0
DA:270,0
BRDA:251,14,0,0
BRDA:251,14,1,0
BRDA:260,148,0,0
BRDA:260,148,1,0
BRDA:262,178,1,0
BRDA:262,178,2,0
BRDA:262,178,3,0
BRDA:262,178,4,0
BRDA:262,178,0,0
FN:321,HealthSync.Application.DTOs.Goals.GoalDto HealthSync.Application.Services.GoalService::MapToDto(HealthSync.Domain.Entities.Goal)
FNDA:0,HealthSync.Application.DTOs.Goals.GoalDto HealthSync.Application.Services.GoalService::MapToDto(HealthSync.Domain.Entities.Goal)
DA:322,0
DA:323,0
DA:324,0
DA:325,0
DA:326,0
DA:327,0
DA:328,0
DA:329,0
DA:330,0
DA:331,0
DA:332,0
DA:333,0
DA:334,0
DA:335,0
DA:336,0
FN:338,HealthSync.Application.DTOs.Goals.ProgressRecordDto HealthSync.Application.Services.GoalService::MapToProgressDto(HealthSync.Domain.Entities.ProgressRecord)
FNDA:0,HealthSync.Application.DTOs.Goals.ProgressRecordDto HealthSync.Application.Services.GoalService::MapToProgressDto(HealthSync.Domain.Entities.ProgressRecord)
DA:339,0
DA:340,0
DA:341,0
DA:342,0
DA:343,0
DA:344,0
DA:345,0
DA:346,0
DA:347,0
DA:348,0
DA:349,0
DA:350,0
DA:351,0
DA:352,0
DA:353,0
DA:354,0
FN:14,System.Void HealthSync.Application.Services.GoalService::.ctor(HealthSync.Application.Interfaces.IGoalRepository,HealthSync.Application.Interfaces.IUserProfileRepository)
FNDA:0,System.Void HealthSync.Application.Services.GoalService::.ctor(HealthSync.Application.Interfaces.IGoalRepository,HealthSync.Application.Interfaces.IUserProfileRepository)
DA:15,0
DA:16,0
DA:17,0
DA:18,0
DA:19,0
FN:309,System.DateTime HealthSync.Application.Services.GoalService/<>c::<GetUserProgressChartAsync>b__18_0(HealthSync.Domain.Entities.ProgressRecord)
FNDA:0,System.DateTime HealthSync.Application.Services.GoalService/<>c::<GetUserProgressChartAsync>b__18_0(HealthSync.Domain.Entities.ProgressRecord)
DA:310,0
FN:310,HealthSync.Application.DTOs.Goals.ProgressPointDto HealthSync.Application.Services.GoalService/<>c::<GetUserProgressChartAsync>b__18_1(HealthSync.Domain.Entities.ProgressRecord)
FNDA:0,HealthSync.Application.DTOs.Goals.ProgressPointDto HealthSync.Application.Services.GoalService/<>c::<GetUserProgressChartAsync>b__18_1(HealthSync.Domain.Entities.ProgressRecord)
DA:311,0
DA:312,0
DA:313,0
DA:314,0
DA:315,0
BRDA:311,33,0,0
BRDA:311,33,1,0
FN:129,System.Boolean HealthSync.Application.Services.GoalService/<>c__DisplayClass9_0::<RecordProgressAsync>b__0(HealthSync.Domain.Entities.ProgressRecord)
FNDA:0,System.Boolean HealthSync.Application.Services.GoalService/<>c__DisplayClass9_0::<RecordProgressAsync>b__0(HealthSync.Domain.Entities.ProgressRecord)
DA:130,0
FN:21,System.Void HealthSync.Application.Services.GoalService/<CreateGoalAsync>d__4::MoveNext()
FNDA:0,System.Void HealthSync.Application.Services.GoalService/<CreateGoalAsync>d__4::MoveNext()
DA:22,0
DA:24,0
DA:27,0
DA:28,0
DA:29,0
DA:30,0
DA:31,0
DA:32,0
DA:33,0
DA:34,0
DA:35,0
DA:36,0
DA:37,0
DA:39,0
DA:42,0
DA:43,0
DA:44,0
DA:45,0
DA:46,0
DA:47,0
DA:48,0
DA:49,0
DA:51,0
DA:53,0
DA:54,0
BRDA:42,505,0,0
BRDA:42,505,1,0
FN:100,System.Void HealthSync.Application.Services.GoalService/<DeleteGoalAsync>d__8::MoveNext()
FNDA:0,System.Void HealthSync.Application.Services.GoalService/<DeleteGoalAsync>d__8::MoveNext()
DA:101,0
DA:102,0
DA:103,0
DA:104,0
DA:107,0
DA:108,0
DA:109,0
DA:110,0
DA:111,0
DA:113,0
DA:114,0
BRDA:103,191,0,0
BRDA:103,191,1,0
BRDA:103,220,0,0
BRDA:103,220,1,0
BRDA:108,561,1,0
BRDA:108,561,0,0
FN:191,System.Void HealthSync.Application.Services.GoalService/<DeleteProgressRecordAsync>d__11::MoveNext()
FNDA:0,System.Void HealthSync.Application.Services.GoalService/<DeleteProgressRecordAsync>d__11::MoveNext()
DA:192,0
DA:193,0
DA:194,0
DA:195,0
DA:197,0
DA:198,0
DA:199,0
DA:201,0
DA:202,0
BRDA:194,187,0,0
BRDA:194,187,1,0
BRDA:198,350,0,0
BRDA:198,350,1,0
BRDA:198,381,0,0
BRDA:198,381,1,0
FN:56,System.Void HealthSync.Application.Services.GoalService/<GetGoalByIdAsync>d__5::MoveNext()
FNDA:0,System.Void HealthSync.Application.Services.GoalService/<GetGoalByIdAsync>d__5::MoveNext()
DA:57,0
DA:58,0
DA:59,0
DA:60,0
DA:62,0
DA:63,0
BRDA:59,157,0,0
BRDA:59,157,1,0
BRDA:59,188,0,0
BRDA:59,188,1,0
FN:204,System.Void HealthSync.Application.Services.GoalService/<GetProgressChartAsync>d__12::MoveNext()
FNDA:0,System.Void HealthSync.Application.Services.GoalService/<GetProgressChartAsync>d__12::MoveNext()
DA:205,0
DA:206,0
DA:207,0
DA:208,0
DA:210,0
DA:211,0
DA:213,0
DA:214,0
DA:215,0
DA:216,0
DA:217,0
DA:218,0
DA:219,0
DA:220,0
DA:221,0
DA:222,0
DA:223,0
DA:224,0
BRDA:207,168,0,0
BRDA:207,168,1,0
BRDA:207,199,0,0
BRDA:207,199,1,0
FN:272,System.Void HealthSync.Application.Services.GoalService/<GetProgressRecordAsync>d__16::MoveNext()
FNDA:0,System.Void HealthSync.Application.Services.GoalService/<GetProgressRecordAsync>d__16::MoveNext()
DA:273,0
DA:274,0
DA:275,0
DA:276,0
DA:278,0
DA:279,0
BRDA:275,157,0,0
BRDA:275,157,1,0
BRDA:275,193,0,0
BRDA:275,193,1,0
FN:281,System.Void HealthSync.Application.Services.GoalService/<GetProgressRecordsByGoalAsync>d__17::MoveNext()
FNDA:0,System.Void HealthSync.Application.Services.GoalService/<GetProgressRecordsByGoalAsync>d__17::MoveNext()
DA:282,0
DA:283,0
DA:284,0
DA:285,0
DA:287,0
DA:288,0
DA:289,0
BRDA:284,168,0,0
BRDA:284,168,1,0
BRDA:284,199,0,0
BRDA:284,199,1,0
FN:65,System.Void HealthSync.Application.Services.GoalService/<GetUserGoalsAsync>d__6::MoveNext()
FNDA:0,System.Void HealthSync.Application.Services.GoalService/<GetUserGoalsAsync>d__6::MoveNext()
DA:66,0
DA:67,0
DA:68,0
DA:69,0
FN:291,System.Void HealthSync.Application.Services.GoalService/<GetUserProgressChartAsync>d__18::MoveNext()
FNDA:0,System.Void HealthSync.Application.Services.GoalService/<GetUserProgressChartAsync>d__18::MoveNext()
DA:292,0
DA:294,0
DA:295,0
DA:296,0
DA:297,0
DA:301,0
DA:302,0
DA:303,0
DA:304,0
DA:305,0
DA:306,0
DA:309,0
DA:316,0
DA:318,0
DA:319,0
BRDA:295,180,0,0
BRDA:295,180,1,0
BRDA:302,455,1,0
BRDA:302,455,0,0
FN:116,System.Void HealthSync.Application.Services.GoalService/<RecordProgressAsync>d__9::MoveNext()
FNDA:0,System.Void HealthSync.Application.Services.GoalService/<RecordProgressAsync>d__9::MoveNext()
DA:117,0
DA:118,0
DA:119,0
DA:120,0
DA:122,0
DA:123,0
DA:125,0
DA:126,0
DA:129,0
DA:131,0
DA:133,0
DA:134,0
DA:135,0
DA:136,0
DA:137,0
DA:138,0
DA:139,0
DA:140,0
DA:141,0
DA:142,0
DA:143,0
DA:144,0
DA:146,0
DA:149,0
DA:150,0
DA:151,0
DA:152,0
DA:153,0
DA:154,0
DA:156,0
DA:157,0
BRDA:119,232,0,0
BRDA:119,232,1,0
BRDA:119,263,0,0
BRDA:119,263,1,0
BRDA:122,294,0,0
BRDA:122,294,1,0
BRDA:125,339,0,0
BRDA:125,339,1,0
BRDA:125,380,0,0
BRDA:125,380,1,0
BRDA:130,574,0,0
BRDA:130,574,1,0
BRDA:149,940,0,0
BRDA:149,940,1,0
FN:71,System.Void HealthSync.Application.Services.GoalService/<UpdateGoalAsync>d__7::MoveNext()
FNDA:0,System.Void HealthSync.Application.Services.GoalService/<UpdateGoalAsync>d__7::MoveNext()
DA:72,0
DA:73,0
DA:74,0
DA:75,0
DA:77,0
DA:78,0
DA:81,0
DA:82,0
DA:84,0
DA:85,0
DA:88,0
DA:89,0
DA:90,0
DA:91,0
DA:92,0
DA:93,0
DA:95,0
DA:97,0
DA:98,0
BRDA:74,168,0,0
BRDA:74,168,1,0
BRDA:74,199,0,0
BRDA:74,199,1,0
BRDA:77,230,0,0
BRDA:77,230,1,0
BRDA:81,274,0,0
BRDA:81,274,1,0
BRDA:84,321,0,0
BRDA:84,321,1,0
FN:159,System.Void HealthSync.Application.Services.GoalService/<UpdateProgressRecordAsync>d__10::MoveNext()
FNDA:0,System.Void HealthSync.Application.Services.GoalService/<UpdateProgressRecordAsync>d__10::MoveNext()
DA:160,0
DA:161,0
DA:162,0
DA:163,0
DA:165,0
DA:166,0
DA:167,0
DA:170,0
DA:171,0
DA:172,0
DA:173,0
DA:174,0
DA:175,0
DA:176,0
DA:178,0
DA:181,0
DA:182,0
DA:183,0
DA:184,0
DA:185,0
DA:186,0
DA:188,0
DA:189,0
BRDA:162,198,0,0
BRDA:162,198,1,0
BRDA:166,361,0,0
BRDA:166,361,1,0
BRDA:166,392,0,0
BRDA:166,392,1,0
BRDA:170,431,0,0
BRDA:170,431,1,0
BRDA:171,485,0,0
BRDA:171,485,1,0
BRDA:172,534,0,0
BRDA:172,534,1,0
BRDA:173,583,0,0
BRDA:173,583,1,0
BRDA:174,632,0,0
BRDA:174,632,1,0
BRDA:175,673,0,0
BRDA:175,673,1,0
BRDA:181,856,0,0
BRDA:181,856,1,0
FN:356,System.Void HealthSync.Application.Services.GoalService/<ValidateCreateGoalRequestAsync>d__21::MoveNext()
FNDA:0,System.Void HealthSync.Application.Services.GoalService/<ValidateCreateGoalRequestAsync>d__21::MoveNext()
DA:357,0
DA:359,0
DA:360,0
DA:362,0
DA:363,0
DA:365,0
DA:368,0
DA:369,0
DA:370,0
DA:371,0
DA:373,0
DA:374,0
BRDA:359,47,0,0
BRDA:359,47,1,0
BRDA:362,92,0,0
BRDA:362,92,1,0
BRDA:368,123,0,0
BRDA:368,123,1,0
BRDA:368,146,0,0
BRDA:368,146,1,0
FN:376,System.Void HealthSync.Application.Services.GoalService/<ValidateWeightGoalAsync>d__22::MoveNext()
FNDA:0,System.Void HealthSync.Application.Services.GoalService/<ValidateWeightGoalAsync>d__22::MoveNext()
DA:377,0
DA:378,0
DA:379,0
DA:380,0
DA:382,0
DA:383,0
DA:384,0
DA:386,0
DA:388,0
DA:389,0
DA:391,0
DA:392,0
DA:394,0
DA:395,0
DA:396,0
DA:398,0
DA:399,0
BRDA:379,164,0,0
BRDA:379,164,1,0
BRDA:383,212,0,0
BRDA:383,212,1,0
BRDA:388,268,0,0
BRDA:388,268,1,0
BRDA:388,304,0,0
BRDA:388,304,1,0
BRDA:391,329,0,0
BRDA:391,329,1,0
BRDA:391,365,0,0
BRDA:391,365,1,0
BRDA:395,437,0,0
BRDA:395,437,1,0
LF:282
LH:0
BRF:122
BRH:0
FNF:23
FNH:0
end_of_record
SF:C:\Users\minhk\Downloads\HealthSyncWebAPI\HealthSync.Application\Services\LeaderboardCalculationService.cs
FN:114,System.Threading.Tasks.Task HealthSync.Application.Services.LeaderboardCalculationService::UpdateRankPositionsAsync()
FNDA:0,System.Threading.Tasks.Task HealthSync.Application.Services.LeaderboardCalculationService::UpdateRankPositionsAsync()
DA:115,0
DA:118,0
DA:119,0
FN:17,System.Void HealthSync.Application.Services.LeaderboardCalculationService::.ctor(HealthSync.Application.Interfaces.ILeaderboardRepository,HealthSync.Application.Interfaces.IWorkoutLogRepository,HealthSync.Application.Interfaces.IForumPostRepository,HealthSync.Application.Interfaces.IForumReplyRepository,HealthSync.Application.Interfaces.IChallengeParticipationRepository,HealthSync.Application.Interfaces.IUserRepository)
FNDA:0,System.Void HealthSync.Application.Services.LeaderboardCalculationService::.ctor(HealthSync.Application.Interfaces.ILeaderboardRepository,HealthSync.Application.Interfaces.IWorkoutLogRepository,HealthSync.Application.Interfaces.IForumPostRepository,HealthSync.Application.Interfaces.IForumReplyRepository,HealthSync.Application.Interfaces.IChallengeParticipationRepository,HealthSync.Application.Interfaces.IUserRepository)
DA:18,0
DA:19,0
DA:20,0
DA:21,0
DA:22,0
DA:23,0
DA:24,0
DA:25,0
DA:26,0
DA:27,0
DA:28,0
DA:29,0
DA:30,0
DA:31,0
DA:32,0
FN:38,System.Void HealthSync.Application.Services.LeaderboardCalculationService/<CalculateUserPointsAsync>d__7::MoveNext()
FNDA:0,System.Void HealthSync.Application.Services.LeaderboardCalculationService/<CalculateUserPointsAsync>d__7::MoveNext()
DA:39,0
DA:40,0
DA:41,0
DA:44,0
DA:47,0
DA:50,0
DA:53,0
DA:56,0
DA:57,0
DA:58,0
DA:59,0
DA:61,0
DA:62,0
FN:98,System.Void HealthSync.Application.Services.LeaderboardCalculationService/<UpdateAllUsersPointsAsync>d__9::MoveNext()
FNDA:0,System.Void HealthSync.Application.Services.LeaderboardCalculationService/<UpdateAllUsersPointsAsync>d__9::MoveNext()
DA:99,0
DA:100,0
DA:102,0
DA:103,0
DA:104,0
DA:105,0
DA:108,0
DA:109,0
BRDA:102,351,1,0
BRDA:102,351,0,0
FN:67,System.Void HealthSync.Application.Services.LeaderboardCalculationService/<UpdateUserPointsAsync>d__8::MoveNext()
FNDA:0,System.Void HealthSync.Application.Services.LeaderboardCalculationService/<UpdateUserPointsAsync>d__8::MoveNext()
DA:68,0
DA:69,0
DA:71,0
DA:72,0
DA:73,0
DA:75,0
DA:76,0
DA:77,0
DA:78,0
DA:79,0
DA:80,0
DA:81,0
DA:82,0
DA:84,0
DA:86,0
DA:87,0
DA:88,0
DA:89,0
DA:91,0
DA:92,0
BRDA:72,331,0,0
BRDA:72,331,1,0
LF:59
LH:0
BRF:4
BRH:0
FNF:5
FNH:0
end_of_record
SF:C:\Users\minhk\Downloads\HealthSyncWebAPI\HealthSync.Application\Services\LeaderboardService.cs
FN:12,System.Void HealthSync.Application.Services.LeaderboardService::.ctor(HealthSync.Application.Interfaces.ILeaderboardRepository,HealthSync.Application.Interfaces.IUserProfileRepository)
FNDA:0,System.Void HealthSync.Application.Services.LeaderboardService::.ctor(HealthSync.Application.Interfaces.ILeaderboardRepository,HealthSync.Application.Interfaces.IUserProfileRepository)
DA:13,0
DA:14,0
DA:15,0
DA:16,0
DA:17,0
FN:22,HealthSync.Application.DTOs.Leaderboard.LeaderboardEntryDto HealthSync.Application.Services.LeaderboardService/<>c::<GetTopUsersAsync>b__3_0(HealthSync.Domain.Entities.Leaderboard)
FNDA:0,HealthSync.Application.DTOs.Leaderboard.LeaderboardEntryDto HealthSync.Application.Services.LeaderboardService/<>c::<GetTopUsersAsync>b__3_0(HealthSync.Domain.Entities.Leaderboard)
DA:23,0
DA:24,0
DA:25,0
DA:26,0
DA:27,0
DA:28,0
DA:29,0
DA:30,0
DA:31,0
DA:32,0
DA:33,0
BRDA:23,39,0,0
BRDA:23,39,1,0
BRDA:23,51,0,0
BRDA:23,51,1,0
BRDA:23,63,0,0
BRDA:23,73,0,0
BRDA:23,73,1,0
BRDA:23,85,0,0
BRDA:23,63,1,0
BRDA:23,85,1,0
BRDA:23,107,0,0
BRDA:23,107,1,0
BRDA:23,119,0,0
BRDA:23,119,1,0
FN:62,HealthSync.Application.DTOs.Leaderboard.LeaderboardEntryDto HealthSync.Application.Services.LeaderboardService/<>c::<GetLeaderboardAsync>b__5_0(HealthSync.Domain.Entities.Leaderboard)
FNDA:0,HealthSync.Application.DTOs.Leaderboard.LeaderboardEntryDto HealthSync.Application.Services.LeaderboardService/<>c::<GetLeaderboardAsync>b__5_0(HealthSync.Domain.Entities.Leaderboard)
DA:63,0
DA:64,0
DA:65,0
DA:66,0
DA:67,0
DA:68,0
DA:69,0
DA:70,0
DA:71,0
DA:72,0
DA:73,0
BRDA:63,39,0,0
BRDA:63,39,1,0
BRDA:63,51,0,0
BRDA:63,51,1,0
BRDA:63,63,0,0
BRDA:63,73,0,0
BRDA:63,73,1,0
BRDA:63,85,0,0
BRDA:63,63,1,0
BRDA:63,85,1,0
BRDA:63,107,0,0
BRDA:63,107,1,0
BRDA:63,119,0,0
BRDA:63,119,1,0
FN:81,HealthSync.Application.DTOs.Leaderboard.LeaderboardUserDto HealthSync.Application.Services.LeaderboardService/<>c::<GetTopUsersByContributionPointsAsync>b__6_0(HealthSync.Domain.Entities.UserProfile)
FNDA:0,HealthSync.Application.DTOs.Leaderboard.LeaderboardUserDto HealthSync.Application.Services.LeaderboardService/<>c::<GetTopUsersByContributionPointsAsync>b__6_0(HealthSync.Domain.Entities.UserProfile)
DA:82,0
DA:83,0
DA:84,0
DA:85,0
DA:86,0
DA:87,0
DA:88,0
FN:59,System.Void HealthSync.Application.Services.LeaderboardService/<GetLeaderboardAsync>d__5::MoveNext()
FNDA:0,System.Void HealthSync.Application.Services.LeaderboardService/<GetLeaderboardAsync>d__5::MoveNext()
DA:60,0
DA:61,0
DA:75,0
DA:76,0
FN:19,System.Void HealthSync.Application.Services.LeaderboardService/<GetTopUsersAsync>d__3::MoveNext()
FNDA:0,System.Void HealthSync.Application.Services.LeaderboardService/<GetTopUsersAsync>d__3::MoveNext()
DA:20,0
DA:21,0
DA:34,0
FN:78,System.Void HealthSync.Application.Services.LeaderboardService/<GetTopUsersByContributionPointsAsync>d__6::MoveNext()
FNDA:0,System.Void HealthSync.Application.Services.LeaderboardService/<GetTopUsersByContributionPointsAsync>d__6::MoveNext()
DA:79,0
DA:80,0
DA:89,0
FN:36,System.Void HealthSync.Application.Services.LeaderboardService/<GetUserRankAsync>d__4::MoveNext()
FNDA:0,System.Void HealthSync.Application.Services.LeaderboardService/<GetUserRankAsync>d__4::MoveNext()
DA:37,0
DA:38,0
DA:39,0
DA:40,0
DA:41,0
DA:45,0
DA:47,0
DA:48,0
DA:49,0
DA:50,0
DA:51,0
DA:52,0
DA:53,0
DA:54,0
DA:55,0
DA:56,0
DA:57,0
BRDA:39,175,0,0
BRDA:39,175,1,0
BRDA:47,358,0,0
BRDA:47,358,1,0
BRDA:47,370,0,0
BRDA:47,370,1,0
BRDA:47,382,0,0
BRDA:47,397,0,0
BRDA:47,397,1,0
BRDA:47,409,0,0
BRDA:47,382,1,0
BRDA:47,409,1,0
BRDA:47,436,0,0
BRDA:47,436,1,0
BRDA:47,448,0,0
BRDA:47,448,1,0
LF:61
LH:0
BRF:44
BRH:0
FNF:8
FNH:0
end_of_record
SF:C:\Users\minhk\Downloads\HealthSyncWebAPI\HealthSync.Application\Services\NutritionLogService.cs
FN:264,HealthSync.Application.DTOs.Nutrition.NutritionLogResponse HealthSync.Application.Services.NutritionLogService::MapToResponse(HealthSync.Domain.Entities.NutritionLog)
FNDA:0,HealthSync.Application.DTOs.Nutrition.NutritionLogResponse HealthSync.Application.Services.NutritionLogService::MapToResponse(HealthSync.Domain.Entities.NutritionLog)
DA:265,0
DA:266,0
DA:267,0
DA:268,0
DA:269,0
DA:270,0
DA:271,0
DA:272,0
DA:273,0
DA:274,0
DA:275,0
DA:276,0
DA:277,0
DA:280,0
DA:281,0
DA:282,0
DA:283,0
DA:284,0
DA:285,0
DA:286,0
DA:287,0
DA:288,0
DA:289,0
DA:291,0
DA:292,0
BRDA:280,238,1,0
BRDA:283,190,0,0
BRDA:283,190,1,0
BRDA:280,238,0,0
FN:294,HealthSync.Application.DTOs.Nutrition.FoodEntryResponse HealthSync.Application.Services.NutritionLogService::MapToFoodEntryResponse(HealthSync.Domain.Entities.FoodEntry,HealthSync.Domain.Entities.FoodItem)
FNDA:0,HealthSync.Application.DTOs.Nutrition.FoodEntryResponse HealthSync.Application.Services.NutritionLogService::MapToFoodEntryResponse(HealthSync.Domain.Entities.FoodEntry,HealthSync.Domain.Entities.FoodItem)
DA:295,0
DA:296,0
DA:297,0
DA:298,0
DA:299,0
DA:302,0
DA:303,0
DA:304,0
DA:305,0
DA:306,0
DA:307,0
DA:308,0
DA:309,0
DA:310,0
DA:311,0
DA:312,0
DA:313,0
DA:314,0
DA:315,0
DA:316,0
DA:317,0
DA:318,0
DA:319,0
DA:320,0
DA:321,0
DA:322,0
DA:323,0
DA:324,0
DA:325,0
DA:326,0
DA:327,0
DA:328,0
BRDA:296,3,0,0
BRDA:296,3,1,0
BRDA:297,19,0,0
BRDA:297,19,1,0
FN:17,System.Void HealthSync.Application.Services.NutritionLogService::.ctor(HealthSync.Application.Interfaces.INutritionLogRepository,HealthSync.Application.Interfaces.IFoodItemRepository,Microsoft.Extensions.Logging.ILogger`1<HealthSync.Application.Services.NutritionLogService>)
FNDA:0,System.Void HealthSync.Application.Services.NutritionLogService::.ctor(HealthSync.Application.Interfaces.INutritionLogRepository,HealthSync.Application.Interfaces.IFoodItemRepository,Microsoft.Extensions.Logging.ILogger`1<HealthSync.Application.Services.NutritionLogService>)
DA:18,0
DA:19,0
DA:20,0
DA:21,0
DA:22,0
DA:23,0
DA:24,0
DA:25,0
DA:26,0
FN:254,System.Decimal HealthSync.Application.Services.NutritionLogService/<>c::<CalculateNutritionTotalsAsync>b__12_0(HealthSync.Domain.Entities.FoodEntry)
FNDA:0,System.Decimal HealthSync.Application.Services.NutritionLogService/<>c::<CalculateNutritionTotalsAsync>b__12_0(HealthSync.Domain.Entities.FoodEntry)
DA:255,0
FN:255,System.Decimal HealthSync.Application.Services.NutritionLogService/<>c::<CalculateNutritionTotalsAsync>b__12_1(HealthSync.Domain.Entities.FoodEntry)
FNDA:0,System.Decimal HealthSync.Application.Services.NutritionLogService/<>c::<CalculateNutritionTotalsAsync>b__12_1(HealthSync.Domain.Entities.FoodEntry)
DA:256,0
FN:256,System.Decimal HealthSync.Application.Services.NutritionLogService/<>c::<CalculateNutritionTotalsAsync>b__12_2(HealthSync.Domain.Entities.FoodEntry)
FNDA:0,System.Decimal HealthSync.Application.Services.NutritionLogService/<>c::<CalculateNutritionTotalsAsync>b__12_2(HealthSync.Domain.Entities.FoodEntry)
DA:257,0
FN:257,System.Decimal HealthSync.Application.Services.NutritionLogService/<>c::<CalculateNutritionTotalsAsync>b__12_3(HealthSync.Domain.Entities.FoodEntry)
FNDA:0,System.Decimal HealthSync.Application.Services.NutritionLogService/<>c::<CalculateNutritionTotalsAsync>b__12_3(HealthSync.Domain.Entities.FoodEntry)
DA:258,0
FN:170,System.Void HealthSync.Application.Services.NutritionLogService/<AddFoodEntryAsync>d__10::MoveNext()
FNDA:0,System.Void HealthSync.Application.Services.NutritionLogService/<AddFoodEntryAsync>d__10::MoveNext()
DA:171,0
DA:172,0
DA:175,0
DA:176,0
DA:177,0
DA:178,0
DA:179,0
DA:180,0
DA:181,0
DA:182,0
DA:183,0
DA:184,0
DA:185,0
DA:188,0
DA:189,0
DA:190,0
DA:191,0
DA:195,0
DA:196,0
DA:197,0
DA:198,0
DA:199,0
DA:200,0
DA:201,0
DA:202,0
DA:203,0
DA:204,0
DA:205,0
DA:206,0
DA:207,0
DA:208,0
DA:210,0
DA:213,0
DA:215,0
DA:217,0
DA:218,0
BRDA:176,282,0,0
BRDA:176,282,1,0
BRDA:189,639,0,0
BRDA:189,639,1,0
FN:245,System.Void HealthSync.Application.Services.NutritionLogService/<CalculateNutritionTotalsAsync>d__12::MoveNext()
FNDA:0,System.Void HealthSync.Application.Services.NutritionLogService/<CalculateNutritionTotalsAsync>d__12::MoveNext()
DA:246,0
DA:248,0
DA:249,0
DA:250,0
DA:251,0
DA:261,0
DA:262,0
BRDA:249,178,0,0
BRDA:249,178,1,0
FN:29,System.Void HealthSync.Application.Services.NutritionLogService/<CreateNutritionLogAsync>d__4::MoveNext()
FNDA:0,System.Void HealthSync.Application.Services.NutritionLogService/<CreateNutritionLogAsync>d__4::MoveNext()
DA:30,0
DA:31,0
DA:34,0
DA:35,0
DA:36,0
DA:37,0
DA:38,0
DA:42,0
DA:43,0
DA:44,0
DA:45,0
DA:46,0
DA:47,0
DA:48,0
DA:51,0
DA:52,0
DA:53,0
DA:54,0
DA:55,0
DA:56,0
DA:57,0
DA:58,0
DA:59,0
DA:60,0
DA:61,0
DA:63,0
DA:64,0
DA:67,0
DA:69,0
DA:71,0
DA:73,0
DA:74,0
BRDA:34,124,0,0
BRDA:34,124,1,0
BRDA:36,312,0,0
BRDA:36,312,1,0
BRDA:51,655,1,0
BRDA:51,655,0,0
FN:129,System.Void HealthSync.Application.Services.NutritionLogService/<DeleteAsync>d__8::MoveNext()
FNDA:0,System.Void HealthSync.Application.Services.NutritionLogService/<DeleteAsync>d__8::MoveNext()
DA:130,0
DA:131,0
DA:133,0
DA:134,0
DA:135,0
DA:136,0
DA:139,0
DA:140,0
DA:141,0
BRDA:134,227,0,0
BRDA:134,227,1,0
BRDA:134,258,0,0
BRDA:134,258,1,0
FN:221,System.Void HealthSync.Application.Services.NutritionLogService/<DeleteFoodEntryAsync>d__11::MoveNext()
FNDA:0,System.Void HealthSync.Application.Services.NutritionLogService/<DeleteFoodEntryAsync>d__11::MoveNext()
DA:222,0
DA:223,0
DA:226,0
DA:227,0
DA:228,0
DA:229,0
DA:232,0
DA:233,0
DA:236,0
DA:237,0
DA:238,0
DA:239,0
DA:240,0
DA:242,0
DA:243,0
BRDA:227,250,0,0
BRDA:227,250,1,0
BRDA:227,286,0,0
BRDA:227,286,1,0
BRDA:237,580,0,0
BRDA:237,580,1,0
FN:98,System.Void HealthSync.Application.Services.NutritionLogService/<GetByIdAsync>d__6::MoveNext()
FNDA:0,System.Void HealthSync.Application.Services.NutritionLogService/<GetByIdAsync>d__6::MoveNext()
DA:99,0
DA:100,0
DA:102,0
DA:103,0
DA:104,0
DA:105,0
DA:108,0
DA:109,0
BRDA:103,216,0,0
BRDA:103,216,1,0
BRDA:103,247,0,0
BRDA:103,247,1,0
FN:77,System.Void HealthSync.Application.Services.NutritionLogService/<GetNutritionLogsAsync>d__5::MoveNext()
FNDA:0,System.Void HealthSync.Application.Services.NutritionLogService/<GetNutritionLogsAsync>d__5::MoveNext()
DA:78,0
DA:79,0
DA:81,0
DA:83,0
DA:85,0
DA:86,0
DA:87,0
DA:88,0
DA:89,0
DA:90,0
DA:91,0
DA:92,0
DA:93,0
DA:94,0
DA:95,0
FN:144,System.Void HealthSync.Application.Services.NutritionLogService/<GetOrCreateDailyLogAsync>d__9::MoveNext()
FNDA:0,System.Void HealthSync.Application.Services.NutritionLogService/<GetOrCreateDailyLogAsync>d__9::MoveNext()
DA:145,0
DA:146,0
DA:148,0
DA:149,0
DA:150,0
DA:151,0
DA:155,0
DA:156,0
DA:157,0
DA:158,0
DA:159,0
DA:160,0
DA:162,0
DA:164,0
DA:166,0
DA:167,0
BRDA:149,250,0,0
BRDA:149,250,1,0
FN:112,System.Void HealthSync.Application.Services.NutritionLogService/<UpdateNotesAsync>d__7::MoveNext()
FNDA:0,System.Void HealthSync.Application.Services.NutritionLogService/<UpdateNotesAsync>d__7::MoveNext()
DA:113,0
DA:114,0
DA:116,0
DA:117,0
DA:118,0
DA:119,0
DA:122,0
DA:123,0
DA:125,0
DA:126,0
BRDA:117,227,0,0
BRDA:117,227,1,0
BRDA:117,258,0,0
BRDA:117,258,1,0
LF:218
LH:0
BRF:40
BRH:0
FNF:16
FNH:0
end_of_record
SF:C:\Users\minhk\Downloads\HealthSyncWebAPI\HealthSync.Application\Services\PointCalculationService.cs
FN:30,System.Void HealthSync.Application.Services.PointCalculationService::.ctor(HealthSync.Application.Interfaces.IWorkoutLogRepository,HealthSync.Application.Interfaces.IForumPostRepository,HealthSync.Application.Interfaces.IForumReplyRepository,HealthSync.Application.Interfaces.IChallengeParticipationRepository,HealthSync.Application.Interfaces.ILeaderboardRepository,HealthSync.Application.Interfaces.IUserRepository,Microsoft.Extensions.Logging.ILogger`1<HealthSync.Application.Services.PointCalculationService>)
FNDA:0,System.Void HealthSync.Application.Services.PointCalculationService::.ctor(HealthSync.Application.Interfaces.IWorkoutLogRepository,HealthSync.Application.Interfaces.IForumPostRepository,HealthSync.Application.Interfaces.IForumReplyRepository,HealthSync.Application.Interfaces.IChallengeParticipationRepository,HealthSync.Application.Interfaces.ILeaderboardRepository,HealthSync.Application.Interfaces.IUserRepository,Microsoft.Extensions.Logging.ILogger`1<HealthSync.Application.Services.PointCalculationService>)
DA:31,0
DA:32,0
DA:33,0
DA:34,0
DA:35,0
DA:36,0
DA:37,0
DA:38,0
DA:39,0
DA:40,0
DA:41,0
DA:42,0
DA:43,0
DA:44,0
DA:45,0
DA:46,0
DA:47,0
FN:109,System.Int32 HealthSync.Application.Services.PointCalculationService/<>c::<CalculateAndUpdateAllUserPointsAsync>b__13_0(HealthSync.Domain.Entities.ApplicationUser)
FNDA:0,System.Int32 HealthSync.Application.Services.PointCalculationService/<>c::<CalculateAndUpdateAllUserPointsAsync>b__13_0(HealthSync.Domain.Entities.ApplicationUser)
DA:110,0
FN:197,System.Boolean HealthSync.Application.Services.PointCalculationService/<>c__DisplayClass15_0::<CountUserForumPostsAsync>b__0(HealthSync.Domain.Entities.Post)
FNDA:0,System.Boolean HealthSync.Application.Services.PointCalculationService/<>c__DisplayClass15_0::<CountUserForumPostsAsync>b__0(HealthSync.Domain.Entities.Post)
DA:198,0
FN:206,System.Boolean HealthSync.Application.Services.PointCalculationService/<>c__DisplayClass16_0::<CountUserForumRepliesAsync>b__0(HealthSync.Domain.Entities.Reply)
FNDA:0,System.Boolean HealthSync.Application.Services.PointCalculationService/<>c__DisplayClass16_0::<CountUserForumRepliesAsync>b__0(HealthSync.Domain.Entities.Reply)
DA:207,0
FN:215,System.Boolean HealthSync.Application.Services.PointCalculationService/<>c__DisplayClass17_0::<CountUserCompletedChallengesAsync>b__0(HealthSync.Domain.Entities.ChallengeParticipation)
[...]
FN:19,System.Void HealthSync.WebApi.Controllers.Admin.ExercisesController::.ctor(HealthSync.Application.Interfaces.IExerciseService,Microsoft.Extensions.Logging.ILogger`1<HealthSync.WebApi.Controllers.Admin.ExercisesController>)
FNDA:0,System.Void HealthSync.WebApi.Controllers.Admin.ExercisesController::.ctor(HealthSync.Application.Interfaces.IExerciseService,Microsoft.Extensions.Logging.ILogger`1<HealthSync.WebApi.Controllers.Admin.ExercisesController>)
DA:20,0
DA:21,0
DA:22,0
DA:23,0
DA:24,0
FN:93,System.Void HealthSync.WebApi.Controllers.Admin.ExercisesController/<CreateExercise>d__6::MoveNext()
FNDA:0,System.Void HealthSync.WebApi.Controllers.Admin.ExercisesController/<CreateExercise>d__6::MoveNext()
DA:94,0
DA:96,0
DA:97,0
DA:98,0
DA:99,0
DA:102,0
DA:103,0
DA:104,0
DA:106,0
DA:107,0
DA:108,0
DA:110,0
DA:111,0
DA:112,0
DA:113,0
DA:115,0
BRDA:97,48,0,0
BRDA:97,48,1,0
BRDA:102,107,0,0
BRDA:102,107,1,0
FN:209,System.Void HealthSync.WebApi.Controllers.Admin.ExercisesController/<DeleteExercise>d__9::MoveNext()
FNDA:0,System.Void HealthSync.WebApi.Controllers.Admin.ExercisesController/<DeleteExercise>d__9::MoveNext()
DA:210,0
DA:212,0
DA:213,0
DA:214,0
DA:216,0
DA:217,0
DA:218,0
DA:220,0
DA:221,0
DA:222,0
DA:224,0
DA:225,0
DA:226,0
DA:227,0
DA:229,0
FN:67,System.Void HealthSync.WebApi.Controllers.Admin.ExercisesController/<GetExerciseById>d__5::MoveNext()
FNDA:0,System.Void HealthSync.WebApi.Controllers.Admin.ExercisesController/<GetExerciseById>d__5::MoveNext()
DA:68,0
DA:70,0
DA:71,0
DA:72,0
DA:73,0
DA:74,0
DA:76,0
DA:78,0
DA:79,0
DA:80,0
DA:81,0
DA:83,0
BRDA:72,173,0,0
BRDA:72,173,1,0
FN:42,System.Void HealthSync.WebApi.Controllers.Admin.ExercisesController/<GetExercises>d__4::MoveNext()
FNDA:0,System.Void HealthSync.WebApi.Controllers.Admin.ExercisesController/<GetExercises>d__4::MoveNext()
DA:43,0
DA:45,0
DA:46,0
DA:47,0
DA:49,0
DA:50,0
DA:52,0
DA:53,0
DA:54,0
DA:55,0
DA:57,0
BRDA:46,39,0,0
BRDA:46,39,1,0
BRDA:47,60,0,0
BRDA:47,60,1,0
FN:127,System.Void HealthSync.WebApi.Controllers.Admin.ExercisesController/<UpdateExercise>d__7::MoveNext()
FNDA:0,System.Void HealthSync.WebApi.Controllers.Admin.ExercisesController/<UpdateExercise>d__7::MoveNext()
DA:128,0
DA:130,0
DA:131,0
DA:132,0
DA:133,0
DA:136,0
DA:137,0
DA:139,0
DA:140,0
DA:141,0
DA:143,0
DA:144,0
DA:145,0
DA:147,0
DA:148,0
DA:149,0
DA:150,0
DA:152,0
BRDA:131,48,0,0
BRDA:131,48,1,0
FN:164,System.Void HealthSync.WebApi.Controllers.Admin.ExercisesController/<UploadExerciseImage>d__8::MoveNext()
FNDA:0,System.Void HealthSync.WebApi.Controllers.Admin.ExercisesController/<UploadExerciseImage>d__8::MoveNext()
DA:165,0
DA:167,0
DA:168,0
DA:169,0
DA:170,0
DA:174,0
DA:175,0
DA:176,0
DA:177,0
DA:178,0
DA:181,0
DA:182,0
DA:183,0
DA:186,0
DA:187,0
DA:189,0
DA:190,0
DA:191,0
DA:193,0
DA:194,0
DA:195,0
DA:196,0
DA:198,0
BRDA:168,33,0,0
BRDA:168,33,1,0
BRDA:168,55,0,0
BRDA:168,55,1,0
BRDA:176,170,0,0
BRDA:176,170,1,0
BRDA:181,223,0,0
BRDA:181,223,1,0
LF:100
LH:0
BRF:20
BRH:0
FNF:7
FNH:0
end_of_record
SF:C:\Users\minhk\Downloads\HealthSyncWebAPI\HealthSync.WebApi\Controllers\Admin\FoodController.cs
FN:16,System.Void HealthSync.WebApi.Controllers.Admin.FoodController::.ctor(HealthSync.Application.Interfaces.IFoodItemService,HealthSync.Application.Interfaces.IFileStorageService,Microsoft.Extensions.Logging.ILogger`1<HealthSync.WebApi.Controllers.Admin.FoodController>)
FNDA:0,System.Void HealthSync.WebApi.Controllers.Admin.FoodController::.ctor(HealthSync.Application.Interfaces.IFoodItemService,HealthSync.Application.Interfaces.IFileStorageService,Microsoft.Extensions.Logging.ILogger`1<HealthSync.WebApi.Controllers.Admin.FoodController>)
DA:17,0
DA:18,0
DA:19,0
DA:20,0
DA:21,0
DA:22,0
FN:83,System.Void HealthSync.WebApi.Controllers.Admin.FoodController/<Create>d__6::MoveNext()
FNDA:0,System.Void HealthSync.WebApi.Controllers.Admin.FoodController/<Create>d__6::MoveNext()
DA:84,0
DA:85,0
DA:86,0
DA:87,0
DA:91,0
DA:92,0
DA:93,0
DA:95,0
DA:96,0
DA:97,0
DA:99,0
DA:100,0
DA:101,0
DA:103,0
DA:104,0
DA:105,0
DA:106,0
DA:108,0
BRDA:85,36,0,0
BRDA:85,36,1,0
FN:218,System.Void HealthSync.WebApi.Controllers.Admin.FoodController/<Delete>d__9::MoveNext()
FNDA:0,System.Void HealthSync.WebApi.Controllers.Admin.FoodController/<Delete>d__9::MoveNext()
DA:219,0
DA:221,0
DA:222,0
DA:223,0
DA:224,0
DA:225,0
DA:227,0
DA:229,0
DA:230,0
DA:231,0
DA:232,0
DA:234,0
BRDA:223,166,0,0
BRDA:223,166,1,0
FN:35,System.Void HealthSync.WebApi.Controllers.Admin.FoodController/<GetAll>d__4::MoveNext()
FNDA:0,System.Void HealthSync.WebApi.Controllers.Admin.FoodController/<GetAll>d__4::MoveNext()
DA:36,0
DA:38,0
DA:39,0
DA:40,0
DA:42,0
DA:43,0
DA:44,0
DA:45,0
DA:47,0
FN:57,System.Void HealthSync.WebApi.Controllers.Admin.FoodController/<GetById>d__5::MoveNext()
FNDA:0,System.Void HealthSync.WebApi.Controllers.Admin.FoodController/<GetById>d__5::MoveNext()
DA:58,0
DA:60,0
DA:61,0
DA:62,0
DA:63,0
DA:64,0
DA:66,0
DA:68,0
DA:69,0
DA:70,0
DA:71,0
DA:73,0
BRDA:62,173,0,0
BRDA:62,173,1,0
FN:119,System.Void HealthSync.WebApi.Controllers.Admin.FoodController/<Update>d__7::MoveNext()
FNDA:0,System.Void HealthSync.WebApi.Controllers.Admin.FoodController/<Update>d__7::MoveNext()
DA:120,0
DA:121,0
DA:122,0
DA:123,0
DA:127,0
DA:128,0
DA:129,0
DA:130,0
DA:131,0
DA:133,0
DA:135,0
DA:136,0
DA:137,0
DA:138,0
DA:140,0
BRDA:121,36,0,0
BRDA:121,36,1,0
BRDA:129,232,0,0
BRDA:129,232,1,0
FN:151,System.Void HealthSync.WebApi.Controllers.Admin.FoodController/<UploadImage>d__8::MoveNext()
FNDA:0,System.Void HealthSync.WebApi.Controllers.Admin.FoodController/<UploadImage>d__8::MoveNext()
DA:152,0
DA:153,0
DA:154,0
DA:155,0
DA:159,0
DA:160,0
DA:161,0
DA:162,0
DA:166,0
DA:167,0
DA:168,0
DA:172,0
DA:174,0
DA:175,0
DA:176,0
DA:177,0
DA:181,0
DA:184,0
DA:185,0
DA:186,0
DA:187,0
DA:188,0
DA:189,0
DA:190,0
DA:191,0
DA:192,0
DA:193,0
DA:194,0
DA:195,0
DA:196,0
DA:197,0
DA:198,0
DA:200,0
DA:201,0
DA:203,0
DA:204,0
DA:205,0
DA:206,0
DA:208,0
BRDA:153,25,0,0
BRDA:153,25,1,0
BRDA:153,47,0,0
BRDA:153,47,1,0
BRDA:160,140,0,0
BRDA:160,140,1,0
BRDA:166,188,0,0
BRDA:166,188,1,0
BRDA:175,400,0,0
BRDA:175,400,1,0
LF:111
LH:0
BRF:20
BRH:0
FNF:7
FNH:0
end_of_record
SF:C:\Users\minhk\Downloads\HealthSyncWebAPI\HealthSync.WebApi\Controllers\Admin\ForumCategoriesController.cs
FN:18,System.Void HealthSync.WebApi.Controllers.Admin.ForumCategoriesController::.ctor(HealthSync.Application.Interfaces.IForumCategoryService,Microsoft.Extensions.Logging.ILogger`1<HealthSync.WebApi.Controllers.Admin.ForumCategoriesController>)
FNDA:0,System.Void HealthSync.WebApi.Controllers.Admin.ForumCategoriesController::.ctor(HealthSync.Application.Interfaces.IForumCategoryService,Microsoft.Extensions.Logging.ILogger`1<HealthSync.WebApi.Controllers.Admin.ForumCategoriesController>)
DA:19,0
DA:20,0
DA:21,0
DA:22,0
DA:23,0
DA:24,0
DA:25,0
FN:214,System.Void HealthSync.WebApi.Controllers.Admin.ForumCategoriesController/<CategoryExists>d__10::MoveNext()
FNDA:0,System.Void HealthSync.WebApi.Controllers.Admin.ForumCategoriesController/<CategoryExists>d__10::MoveNext()
DA:215,0
DA:217,0
DA:218,0
DA:219,0
DA:221,0
DA:222,0
DA:223,0
DA:224,0
DA:226,0
FN:107,System.Void HealthSync.WebApi.Controllers.Admin.ForumCategoriesController/<CreateCategory>d__7::MoveNext()
FNDA:0,System.Void HealthSync.WebApi.Controllers.Admin.ForumCategoriesController/<CreateCategory>d__7::MoveNext()
DA:108,0
DA:110,0
DA:111,0
DA:112,0
DA:113,0
DA:116,0
DA:117,0
DA:118,0
DA:119,0
DA:120,0
DA:122,0
DA:123,0
DA:124,0
DA:125,0
DA:127,0
DA:128,0
DA:129,0
DA:130,0
DA:132,0
BRDA:111,48,0,0
BRDA:111,48,1,0
FN:184,System.Void HealthSync.WebApi.Controllers.Admin.ForumCategoriesController/<DeleteCategory>d__9::MoveNext()
FNDA:0,System.Void HealthSync.WebApi.Controllers.Admin.ForumCategoriesController/<DeleteCategory>d__9::MoveNext()
DA:185,0
DA:187,0
DA:188,0
DA:189,0
DA:190,0
DA:191,0
DA:193,0
DA:195,0
DA:196,0
DA:197,0
DA:198,0
DA:200,0
DA:201,0
DA:202,0
DA:203,0
DA:205,0
BRDA:189,166,0,0
BRDA:189,166,1,0
FN:33,System.Void HealthSync.WebApi.Controllers.Admin.ForumCategoriesController/<GetAllCategories>d__4::MoveNext()
FNDA:0,System.Void HealthSync.WebApi.Controllers.Admin.ForumCategoriesController/<GetAllCategories>d__4::MoveNext()
DA:34,0
DA:36,0
DA:37,0
DA:38,0
DA:40,0
DA:41,0
DA:42,0
DA:43,0
DA:45,0
FN:55,System.Void HealthSync.WebApi.Controllers.Admin.ForumCategoriesController/<GetCategoryById>d__5::MoveNext()
FNDA:0,System.Void HealthSync.WebApi.Controllers.Admin.ForumCategoriesController/<GetCategoryById>d__5::MoveNext()
DA:56,0
DA:58,0
DA:59,0
DA:60,0
DA:61,0
DA:62,0
DA:64,0
DA:66,0
DA:67,0
DA:68,0
DA:69,0
DA:71,0
BRDA:60,173,0,0
BRDA:60,173,1,0
FN:81,System.Void HealthSync.WebApi.Controllers.Admin.ForumCategoriesController/<GetCategoryWithPostsCount>d__6::MoveNext()
FNDA:0,System.Void HealthSync.WebApi.Controllers.Admin.ForumCategoriesController/<GetCategoryWithPostsCount>d__6::MoveNext()
DA:82,0
DA:84,0
DA:85,0
DA:86,0
DA:87,0
DA:88,0
DA:90,0
DA:92,0
DA:93,0
DA:94,0
DA:95,0
DA:97,0
BRDA:86,173,0,0
BRDA:86,173,1,0
FN:235,System.Void HealthSync.WebApi.Controllers.Admin.ForumCategoriesController/<HasRelatedPosts>d__11::MoveNext()
FNDA:0,System.Void HealthSync.WebApi.Controllers.Admin.ForumCategoriesController/<HasRelatedPosts>d__11::MoveNext()
DA:236,0
DA:238,0
DA:239,0
DA:240,0
DA:242,0
DA:243,0
DA:244,0
DA:245,0
DA:247,0
FN:146,System.Void HealthSync.WebApi.Controllers.Admin.ForumCategoriesController/<UpdateCategory>d__8::MoveNext()
FNDA:0,System.Void HealthSync.WebApi.Controllers.Admin.ForumCategoriesController/<UpdateCategory>d__8::MoveNext()
DA:147,0
DA:149,0
DA:150,0
DA:151,0
DA:152,0
DA:155,0
DA:156,0
DA:158,0
DA:159,0
DA:160,0
DA:161,0
DA:163,0
DA:164,0
DA:165,0
DA:166,0
DA:168,0
DA:169,0
DA:170,0
DA:171,0
DA:173,0
BRDA:150,48,0,0
BRDA:150,48,1,0
LF:113
LH:0
BRF:10
BRH:0
FNF:9
FNH:0
end_of_record
SF:C:\Users\minhk\Downloads\HealthSyncWebAPI\HealthSync.WebApi\Controllers\Admin\ForumModerationController.cs
FN:22,System.Void HealthSync.WebApi.Controllers.Admin.ForumModerationController::.ctor(HealthSync.Application.Interfaces.IForumAdminService,Microsoft.Extensions.Logging.ILogger`1<HealthSync.WebApi.Controllers.Admin.ForumModerationController>)
FNDA:0,System.Void HealthSync.WebApi.Controllers.Admin.ForumModerationController::.ctor(HealthSync.Application.Interfaces.IForumAdminService,Microsoft.Extensions.Logging.ILogger`1<HealthSync.WebApi.Controllers.Admin.ForumModerationController>)
DA:23,0
DA:24,0
DA:25,0
DA:26,0
DA:27,0
DA:28,0
DA:29,0
FN:116,System.Void HealthSync.WebApi.Controllers.Admin.ForumModerationController/<DeletePost>d__8::MoveNext()
FNDA:0,System.Void HealthSync.WebApi.Controllers.Admin.ForumModerationController/<DeletePost>d__8::MoveNext()
DA:117,0
DA:119,0
DA:120,0
DA:121,0
DA:122,0
DA:123,0
DA:126,0
DA:128,0
DA:129,0
DA:130,0
DA:131,0
DA:132,0
DA:135,0
DA:137,0
DA:138,0
DA:139,0
DA:140,0
DA:142,0
BRDA:120,50,0,0
BRDA:120,50,1,0
BRDA:121,83,0,0
BRDA:121,83,1,0
BRDA:121,102,0,0
BRDA:121,102,1,0
BRDA:128,339,0,0
BRDA:130,362,0,0
BRDA:130,362,1,0
BRDA:128,339,1,0
FN:190,System.Void HealthSync.WebApi.Controllers.Admin.ForumModerationController/<DeleteReply>d__10::MoveNext()
FNDA:0,System.Void HealthSync.WebApi.Controllers.Admin.ForumModerationController/<DeleteReply>d__10::MoveNext()
DA:191,0
DA:193,0
DA:194,0
DA:195,0
DA:196,0
DA:197,0
DA:200,0
DA:202,0
DA:203,0
DA:204,0
DA:205,0
DA:206,0
DA:209,0
DA:211,0
DA:212,0
DA:213,0
DA:214,0
DA:216,0
BRDA:194,50,0,0
BRDA:194,50,1,0
BRDA:195,83,0,0
BRDA:195,83,1,0
BRDA:195,102,0,0
BRDA:195,102,1,0
BRDA:202,339,0,0
BRDA:204,362,0,0
BRDA:204,362,1,0
BRDA:202,339,1,0
FN:153,System.Void HealthSync.WebApi.Controllers.Admin.ForumModerationController/<HideReply>d__9::MoveNext()
FNDA:0,System.Void HealthSync.WebApi.Controllers.Admin.ForumModerationController/<HideReply>d__9::MoveNext()
DA:154,0
DA:156,0
DA:157,0
DA:158,0
DA:159,0
DA:160,0
DA:163,0
DA:165,0
DA:166,0
DA:167,0
DA:168,0
DA:169,0
DA:172,0
DA:174,0
DA:175,0
DA:176,0
DA:177,0
DA:179,0
BRDA:157,50,0,0
BRDA:157,50,1,0
BRDA:158,83,0,0
BRDA:158,83,1,0
BRDA:158,102,0,0
BRDA:158,102,1,0
BRDA:165,339,0,0
BRDA:167,362,0,0
BRDA:167,362,1,0
BRDA:165,339,1,0
FN:79,System.Void HealthSync.WebApi.Controllers.Admin.ForumModerationController/<LockPost>d__7::MoveNext()
FNDA:0,System.Void HealthSync.WebApi.Controllers.Admin.ForumModerationController/<LockPost>d__7::MoveNext()
DA:80,0
DA:82,0
DA:83,0
DA:84,0
DA:85,0
DA:86,0
DA:89,0
DA:91,0
DA:92,0
DA:93,0
DA:94,0
DA:95,0
DA:98,0
DA:100,0
DA:101,0
DA:102,0
DA:103,0
DA:105,0
BRDA:83,50,0,0
BRDA:83,50,1,0
BRDA:84,83,0,0
BRDA:84,83,1,0
BRDA:84,102,0,0
BRDA:84,102,1,0
BRDA:91,339,0,0
BRDA:93,362,0,0
BRDA:93,362,1,0
BRDA:91,339,1,0
FN:40,System.Void HealthSync.WebApi.Controllers.Admin.ForumModerationController/<PinPost>d__6::MoveNext()
FNDA:0,System.Void HealthSync.WebApi.Controllers.Admin.ForumModerationController/<PinPost>d__6::MoveNext()
DA:41,0
DA:43,0
DA:44,0
DA:45,0
DA:46,0
DA:47,0
DA:50,0
DA:52,0
DA:53,0
DA:54,0
DA:55,0
DA:56,0
DA:58,0
DA:61,0
DA:63,0
DA:64,0
DA:65,0
DA:66,0
DA:68,0
BRDA:44,50,0,0
BRDA:44,50,1,0
BRDA:45,83,0,0
BRDA:45,83,1,0
BRDA:45,102,0,0
BRDA:45,102,1,0
BRDA:52,339,0,0
BRDA:54,362,0,0
BRDA:54,362,1,0
BRDA:52,339,1,0
LF:98
LH:0
BRF:50
BRH:0
FNF:6
FNH:0
end_of_record
SF:C:\Users\minhk\Downloads\HealthSyncWebAPI\HealthSync.WebApi\Controllers\Admin\LeaderboardController.cs
FN:15,System.Void HealthSync.WebApi.Controllers.Admin.LeaderboardController::.ctor(HealthSync.Application.Interfaces.ILeaderboardUpdateJob,Microsoft.Extensions.Logging.ILogger`1<HealthSync.WebApi.Controllers.Admin.LeaderboardController>)
FNDA:0,System.Void HealthSync.WebApi.Controllers.Admin.LeaderboardController::.ctor(HealthSync.Application.Interfaces.ILeaderboardUpdateJob,Microsoft.Extensions.Logging.ILogger`1<HealthSync.WebApi.Controllers.Admin.LeaderboardController>)
DA:16,0
DA:17,0
DA:18,0
DA:19,0
DA:20,0
DA:21,0
DA:22,0
FN:34,System.Void HealthSync.WebApi.Controllers.Admin.LeaderboardController/<UpdateAllUserContributionPoints>d__3::MoveNext()
FNDA:0,System.Void HealthSync.WebApi.Controllers.Admin.LeaderboardController/<UpdateAllUserContributionPoints>d__3::MoveNext()
DA:35,0
DA:37,0
DA:38,0
DA:40,0
DA:41,0
DA:43,0
DA:45,0
DA:47,0
DA:48,0
DA:49,0
DA:50,0
DA:51,0
DA:52,0
DA:54,0
DA:55,0
DA:56,0
DA:57,0
DA:58,0
DA:59,0
DA:60,0
DA:61,0
DA:62,0
DA:64,0
BRDA:38,50,0,0
BRDA:38,50,1,0
BRDA:38,72,0,0
BRDA:38,72,1,0
BRDA:40,99,0,0
BRDA:40,99,1,0
FN:78,System.Void HealthSync.WebApi.Controllers.Admin.LeaderboardController/<UpdateUserContributionPoints>d__4::MoveNext()
FNDA:0,System.Void HealthSync.WebApi.Controllers.Admin.LeaderboardController/<UpdateUserContributionPoints>d__4::MoveNext()
DA:79,0
DA:81,0
DA:82,0
DA:83,0
DA:85,0
DA:87,0
DA:88,0
DA:90,0
DA:92,0
DA:94,0
DA:95,0
DA:96,0
DA:97,0
DA:98,0
DA:99,0
DA:101,0
DA:102,0
DA:103,0
DA:104,0
DA:105,0
DA:106,0
DA:107,0
DA:108,0
DA:109,0
DA:111,0
BRDA:82,41,0,0
BRDA:82,41,1,0
BRDA:85,94,0,0
BRDA:85,94,1,0
BRDA:85,116,0,0
BRDA:85,116,1,0
BRDA:87,143,0,0
BRDA:87,143,1,0
LF:55
LH:0
BRF:14
BRH:0
FNF:3
FNH:0
end_of_record
SF:C:\Users\minhk\Downloads\HealthSyncWebAPI\HealthSync.WebApi\Controllers\Admin\UserRankController.cs
FN:16,System.Void HealthSync.WebApi.Controllers.Admin.UserRankController::.ctor(HealthSync.Application.Interfaces.IUserRepository,HealthSync.Application.Interfaces.ILeaderboardRepository)
FNDA:0,System.Void HealthSync.WebApi.Controllers.Admin.UserRankController::.ctor(HealthSync.Application.Interfaces.IUserRepository,HealthSync.Application.Interfaces.ILeaderboardRepository)
DA:17,0
DA:18,0
DA:19,0
DA:20,0
DA:21,0
FN:24,System.Void HealthSync.WebApi.Controllers.Admin.UserRankController/<SetUserRankTitle>d__3::MoveNext()
FNDA:0,System.Void HealthSync.WebApi.Controllers.Admin.UserRankController/<SetUserRankTitle>d__3::MoveNext()
DA:25,0
DA:26,0
DA:27,0
DA:28,0
DA:30,0
DA:31,0
DA:32,0
DA:34,0
DA:35,0
DA:36,0
DA:38,0
DA:39,0
DA:40,0
DA:41,0
DA:42,0
DA:44,0
DA:45,0
BRDA:27,198,0,0
BRDA:27,198,1,0
BRDA:31,380,0,0
BRDA:31,380,1,0
LF:22
LH:0
BRF:4
BRH:0
FNF:2
FNH:0
end_of_record
SF:C:\Users\minhk\Downloads\HealthSyncWebAPI\HealthSync.WebApi\Controllers\Admin\UsersController.cs
FN:18,System.Void HealthSync.WebApi.Controllers.Admin.UsersController::.ctor(HealthSync.Application.Interfaces.IUserRepository,HealthSync.Application.Interfaces.IUserProfileRepository,HealthSync.Application.Interfaces.ILeaderboardRepository)
FNDA:0,System.Void HealthSync.WebApi.Controllers.Admin.UsersController::.ctor(HealthSync.Application.Interfaces.IUserRepository,HealthSync.Application.Interfaces.IUserProfileRepository,HealthSync.Application.Interfaces.ILeaderboardRepository)
DA:19,0
DA:20,0
DA:21,0
DA:22,0
DA:23,0
DA:24,0
FN:54,System.Void HealthSync.WebApi.Controllers.Admin.UsersController/<GetUserDetails>d__5::MoveNext()
FNDA:0,System.Void HealthSync.WebApi.Controllers.Admin.UsersController/<GetUserDetails>d__5::MoveNext()
DA:55,0
DA:56,0
DA:57,0
DA:58,0
DA:60,0
DA:61,0
DA:64,0
DA:65,0
DA:66,0
DA:67,0
DA:69,0
DA:70,0
DA:71,0
DA:72,0
DA:73,0
DA:74,0
DA:75,0
DA:76,0
DA:78,0
DA:79,0
DA:80,0
DA:81,0
DA:82,0
DA:83,0
DA:84,0
DA:85,0
DA:86,0
DA:87,0
DA:88,0
DA:89,0
DA:90,0
DA:91,0
DA:93,0
DA:94,0
DA:95,0
DA:96,0
DA:97,0
DA:98,0
DA:99,0
DA:101,0
DA:102,0
DA:103,0
DA:106,0
DA:107,0
DA:108,0
DA:109,0
DA:110,0
DA:112,0
DA:113,0
BRDA:57,225,0,0
BRDA:57,225,1,0
BRDA:69,1118,0,0
BRDA:69,1118,1,0
BRDA:69,1130,0,0
BRDA:69,1130,1,0
BRDA:78,1166,0,0
BRDA:78,1166,1,0
BRDA:78,1228,0,0
BRDA:78,1228,1,0
BRDA:78,1308,0,0
BRDA:78,1308,1,0
BRDA:78,1352,0,0
BRDA:78,1352,1,0
BRDA:93,1432,0,0
BRDA:93,1432,1,0
BRDA:101,1469,0,0
BRDA:101,1469,1,0
FN:27,System.Void HealthSync.WebApi.Controllers.Admin.UsersController/<GetUsers>d__4::MoveNext()
FNDA:0,System.Void HealthSync.WebApi.Controllers.Admin.UsersController/<GetUsers>d__4::MoveNext()
DA:28,0
DA:29,0
DA:30,0
DA:32,0
DA:34,0
DA:35,0
DA:36,0
DA:37,0
DA:38,0
DA:39,0
DA:41,0
DA:42,0
DA:43,0
DA:44,0
DA:45,0
DA:46,0
DA:47,0
DA:48,0
DA:50,0
DA:51,0
BRDA:29,40,0,0
BRDA:29,40,1,0
BRDA:30,60,0,0
BRDA:30,60,1,0
BRDA:35,573,1,0
BRDA:38,468,0,0
BRDA:38,468,1,0
BRDA:38,505,0,0
BRDA:38,505,1,0
BRDA:38,517,0,0
BRDA:38,517,1,0
BRDA:35,573,0,0
LF:75
LH:0
BRF:30
BRH:0
FNF:3
FNH:0
end_of_record
SF:C:\Users\minhk\Downloads\HealthSyncWebAPI\HealthSync.WebApi\Controllers\Admin\UserStatusController.cs
FN:15,System.Void HealthSync.WebApi.Controllers.Admin.UserStatusController::.ctor(HealthSync.Application.Interfaces.IUserRepository)
FNDA:0,System.Void HealthSync.WebApi.Controllers.Admin.UserStatusController::.ctor(HealthSync.Application.Interfaces.IUserRepository)
DA:16,0
DA:17,0
DA:18,0
DA:19,0
FN:34,System.Void HealthSync.WebApi.Controllers.Admin.UserStatusController/<SetUserRole>d__3::MoveNext()
FNDA:0,System.Void HealthSync.WebApi.Controllers.Admin.UserStatusController/<SetUserRole>d__3::MoveNext()
DA:35,0
DA:36,0
DA:37,0
DA:38,0
DA:40,0
DA:41,0
DA:43,0
DA:44,0
BRDA:37,175,0,0
BRDA:37,175,1,0
FN:22,System.Void HealthSync.WebApi.Controllers.Admin.UserStatusController/<SetUserStatus>d__2::MoveNext()
FNDA:0,System.Void HealthSync.WebApi.Controllers.Admin.UserStatusController/<SetUserStatus>d__2::MoveNext()
DA:23,0
DA:24,0
DA:25,0
DA:26,0
DA:28,0
DA:30,0
DA:31,0
BRDA:25,175,0,0
BRDA:25,175,1,0
LF:19
LH:0
BRF:4
BRH:0
FNF:3
FNH:0
end_of_record
SF:C:\Users\minhk\Downloads\HealthSyncWebAPI\HealthSync.WebApi\Controllers\Admin\UserTitleController.cs
FN:14,System.Void HealthSync.WebApi.Controllers.Admin.UserTitleController::.ctor(HealthSync.Application.Interfaces.IUserService)
FNDA:0,System.Void HealthSync.WebApi.Controllers.Admin.UserTitleController::.ctor(HealthSync.Application.Interfaces.IUserService)
DA:15,0
DA:16,0
DA:17,0
DA:18,0
FN:21,System.Void HealthSync.WebApi.Controllers.Admin.UserTitleController/<SetUserTitle>d__2::MoveNext()
FNDA:0,System.Void HealthSync.WebApi.Controllers.Admin.UserTitleController/<SetUserTitle>d__2::MoveNext()
DA:22,0
DA:24,0
DA:25,0
DA:26,0
DA:28,0
DA:29,0
DA:30,0
DA:32,0
DA:33,0
DA:34,0
DA:36,0
LF:15
LH:0
BRF:0
BRH:0
FNF:2
FNH:0
end_of_record